#
# There is insufficient memory for the Java Runtime Environment to continue.
# Native memory allocation (malloc) failed to allocate 44648 bytes. Error detail: Chunk::new
# Possible reasons:
#   The system is out of physical RAM or swap space
#   This process is running with CompressedOops enabled, and the Java Heap may be blocking the growth of the native heap
# Possible solutions:
#   Reduce memory load on the system
#   Increase physical memory or swap space
#   Check if swap backing store is full
#   Decrease Java heap size (-Xmx/-Xms)
#   Decrease number of Java threads
#   Decrease Java thread stack sizes (-Xss)
#   Set larger code cache with -XX:ReservedCodeCacheSize=
#   JVM is running with Unscaled Compressed Oops mode in which the Java heap is
#     placed in the first 4GB address space. The Java Heap base address is the
#     maximum limit for the native heap growth. Please use -XX:HeapBaseMinAddress
#     to set the Java Heap base and to place the Java Heap above 4GB virtual address.
# This output file may be truncated or incomplete.
#
#  Out of Memory Error (arena.cpp:193), pid=8540, tid=8964
#
# JRE version: Java(TM) SE Runtime Environment (26.0.1+8) (build 26.0.1+8-34)
# Java VM: Java HotSpot(TM) 64-Bit Server VM (26.0.1+8-34, mixed mode, tiered, compressed oops, compressed class ptrs, g1 gc, windows-amd64)
# No core dump will be written. Minidumps are not enabled by default on client versions of Windows
#

---------------  S U M M A R Y ------------

Command Line: -Dapplication.home=C:\Program Files\Java\jdk-26.0.1 --add-modules=ALL-DEFAULT -Xms8m -Djdk.module.main=jdk.compiler jdk.compiler/com.sun.tools.javac.Main s.java

Host: 11th Gen Intel(R) Core(TM) i5-1145G7 @ 2.60GHz, 8 cores, 7G,  Windows 11 , 64 bit Build 26100 (10.0.26100.8521)
Time: Thu Jul  2 14:22:43 2026 India Standard Time elapsed time: 0.090389 seconds (0d 0h 0m 0s)

---------------  T H R E A D  ---------------

Current thread (0x00000247b461c0e0):  JavaThread "main"             [_thread_in_vm, id=8964, stack(0x000000b3e4c00000,0x000000b3e4d00000) (1024K)]

Stack: [0x000000b3e4c00000,0x000000b3e4d00000]
Native frames: (J=compiled Java code, j=interpreted, Vv=VM code, C=native code)
V  [jvm.dll+0x7d5879]  (no source info available)
V  [jvm.dll+0x7a37dd]  (no source info available)
V  [jvm.dll+0x9b0c10]  (no source info available)
V  [jvm.dll+0x9b3061]  (no source info available)
V  [jvm.dll+0x9b3773]  (no source info available)
V  [jvm.dll+0x30df76]  (no source info available)
V  [jvm.dll+0x11d8a6]  (no source info available)
V  [jvm.dll+0x11dbce]  (no source info available)
V  [jvm.dll+0x2a44cc]  (no source info available)
V  [jvm.dll+0x2a375e]  (no source info available)
V  [jvm.dll+0x91d63f]  (no source info available)
V  [jvm.dll+0x91e84a]  (no source info available)
V  [jvm.dll+0x91ed82]  (no source info available)
V  [jvm.dll+0x91ead6]  (no source info available)
V  [jvm.dll+0x2f5ef1]  (no source info available)
V  [jvm.dll+0x2f6116]  (no source info available)
V  [jvm.dll+0x6c8dc7]  (no source info available)
V  [jvm.dll+0x6cc076]  (no source info available)
V  [jvm.dll+0x48abda]  (no source info available)
V  [jvm.dll+0x48a2fb]  (no source info available)
C  0x00000247c6bba369  (no source info available)

The last pc belongs to invokestatic (printed below).
Java frames: (J=compiled Java code, j=interpreted, Vv=VM code)
j  java.lang.invoke.LambdaForm.compileToBytecode()V+69 java.base@26.0.1
j  java.lang.invoke.DirectMethodHandle.makePreparedLambdaForm(Ljava/lang/invoke/MethodType;I)Ljava/lang/invoke/LambdaForm;+782 java.base@26.0.1
j  java.lang.invoke.DirectMethodHandle.preparedLambdaForm(Ljava/lang/invoke/MethodType;I)Ljava/lang/invoke/LambdaForm;+17 java.base@26.0.1
j  java.lang.invoke.DirectMethodHandle.preparedLambdaForm(Ljava/lang/invoke/MemberName;Z)Ljava/lang/invoke/LambdaForm;+159 java.base@26.0.1
j  java.lang.invoke.DirectMethodHandle.preparedLambdaForm(Ljava/lang/invoke/MemberName;)Ljava/lang/invoke/LambdaForm;+2 java.base@26.0.1
j  java.lang.invoke.DirectMethodHandle.make(BLjava/lang/Class;Ljava/lang/invoke/MemberName;Ljava/lang/Class;)Ljava/lang/invoke/DirectMethodHandle;+163 java.base@26.0.1
j  java.lang.invoke.MethodHandles$Lookup.getDirectMethodCommon(BLjava/lang/Class;Ljava/lang/invoke/MemberName;ZLjava/lang/invoke/MethodHandles$Lookup;)Ljava/lang/invoke/MethodHandle;+209 java.base@26.0.1
j  java.lang.invoke.MethodHandles$Lookup.getDirectMethod(BLjava/lang/Class;Ljava/lang/invoke/MemberName;Ljava/lang/invoke/MethodHandles$Lookup;)Ljava/lang/invoke/MethodHandle;+10 java.base@26.0.1
j  java.lang.invoke.MethodHandles$Lookup.findStatic(Ljava/lang/Class;Ljava/lang/String;Ljava/lang/invoke/MethodType;)Ljava/lang/invoke/MethodHandle;+23 java.base@26.0.1
j  java.lang.invoke.MethodHandleImpl$1.findStatic(Ljava/lang/Class;Ljava/lang/String;Ljava/lang/invoke/MethodType;)Ljava/lang/invoke/MethodHandle;+6 java.base@26.0.1
j  jdk.internal.reflect.MethodHandleAccessorFactory.getDirectMethod(Ljava/lang/reflect/Method;Z)Ljava/lang/invoke/MethodHandle;+39 java.base@26.0.1
j  jdk.internal.reflect.MethodHandleAccessorFactory.newMethodAccessor(Ljava/lang/reflect/Method;Z)Ljdk/internal/reflect/MethodAccessorImpl;+41 java.base@26.0.1
j  jdk.internal.reflect.ReflectionFactory.newMethodAccessor(Ljava/lang/reflect/Method;Z)Ljdk/internal/reflect/MethodAccessor;+22 java.base@26.0.1
j  java.lang.reflect.Method.acquireMethodAccessor()Ljdk/internal/reflect/MethodAccessor;+38 java.base@26.0.1
j  java.lang.reflect.Method.invoke(Ljava/lang/Object;[Ljava/lang/Object;)Ljava/lang/Object;+75 java.base@26.0.1
j  java.lang.Class.getEnumConstantsShared()[Ljava/lang/Object;+41 java.base@26.0.1
j  java.lang.System$1.getEnumConstantsShared(Ljava/lang/Class;)[Ljava/lang/Enum;+1 java.base@26.0.1
j  java.util.EnumMap.getKeyUniverse(Ljava/lang/Class;)[Ljava/lang/Enum;+4 java.base@26.0.1
j  java.util.EnumMap.<init>(Ljava/lang/Class;)V+16 java.base@26.0.1
j  java.util.stream.StreamOpFlag.set(Ljava/util/stream/StreamOpFlag$Type;)Ljava/util/stream/StreamOpFlag$MaskBuilder;+10 java.base@26.0.1
j  java.util.stream.StreamOpFlag.<clinit>()V+11 java.base@26.0.1
v  ~StubRoutines::Stub Generator call_stub_stub 0x00000247c6ba18e2
j  java.util.stream.StreamSupport.stream(Ljava/util/Spliterator;Z)Ljava/util/stream/Stream;+11 java.base@26.0.1
j  java.util.Collection.stream()Ljava/util/stream/Stream;+7 java.base@26.0.1
j  jdk.internal.module.DefaultRoots.compute(Ljava/lang/module/ModuleFinder;Ljava/lang/module/ModuleFinder;)Ljava/util/Set;+6 java.base@26.0.1
j  jdk.internal.module.ModuleBootstrap.boot2()Ljava/lang/ModuleLayer;+723 java.base@26.0.1
j  jdk.internal.module.ModuleBootstrap.boot()Ljava/lang/ModuleLayer;+64 java.base@26.0.1
j  java.lang.System.initPhase2(ZZ)I+0 java.base@26.0.1
v  ~StubRoutines::Stub Generator call_stub_stub 0x00000247c6ba18e2
Lock stack of current Java thread (top to bottom):

invokestatic  184 invokestatic  [0x00000247c6bba280, 0x00000247c6bba598]  792 bytes

Loading hsdis library failed, undisassembled code is shown in MachCode section
[MachCode]
  0x00000247c6bba280: 4883 ec08 | c5fa 1104 | 24eb 1f48 | 83ec 10c5 | fb11 0424 | eb14 4883 | ec10 4889 | 0424 48c7 
  0x00000247c6bba2a0: 4424 0800 | 0000 00eb | 0150 488b | 4dd0 410f | b755 0148 | 8b49 386b | d218 488d | 4c11 080f 
  0x00000247c6bba2c0: b659 1681 | fbb8 0000 | 000f 8529 | 0000 0048 | 8b19 488b | 5b08 488b | 5b08 488b | 5b18 80bb 
  0x00000247c6bba2e0: 3001 0000 | 040f 841f | 0100 004c | 3bbb 3801 | 0000 0f84 | 1201 0000 | bbb8 0000 | 0048 8bd3 
  0x00000247c6bba300: 493b a7a8 | 0500 0076 | 0749 89a7 | a805 0000 | 4c8d 15b8 | 0000 0041 | 5248 8d44 | 2408 4c89 
  0x00000247c6bba320: 6dc0 498b | cfc5 f877 | 4989 af20 | 0400 0049 | 8987 1004 | 0000 4883 | ec20 40f6 | c40f 0f84 
  0x00000247c6bba340: 1900 0000 | 4883 ec08 | 48b8 70a1 | db55 ff7f | 0000 ffd0 | 4883 c408 | e90c 0000 | 0048 b870 
  0x00000247c6bba360: a1db 55ff | 7f00 00ff | d048 83c4 | 2049 c787 | 1004 0000 | 0000 0000 | 49c7 8720 | 0400 0000 
  0x00000247c6bba380: 0000 0049 | c787 1804 | 0000 0000 | 0000 c5f8 | 774c 8b6d | c04c 8b75 | c84e 8d74 | f500 415a 
  0x00000247c6bba3a0: 493b a7a8 | 0500 0072 | 0b49 c787 | a805 0000 | 0000 0000 | 4d8b 97c0 | 0500 0049 | 83fa 0074 
  0x00000247c6bba3c0: 1b49 c787 | c005 0000 | 0000 0000 | 41ff e249 | ba00 c1ba | c647 0200 | 0041 ffd2 | 4983 7f08 
  0x00000247c6bba3e0: 000f 840e | 0000 004c | 8d15 e1ff | ffff 4152 | e9eb 73fe | ff48 8b4d | d041 0fb7 | 5501 488b 
  0x00000247c6bba400: 4938 6bd2 | 1848 8d4c | 1108 0fb6 | 5115 488b | 194c 896d | c044 8bea | 0fb6 5114 | 49ba 5029 
  0x00000247c6bba420: 7256 ff7f | 0000 498b | 14d2 5241 | 8bd5 4c8b | 6dc0 488b | 45d8 4885 | c00f 840d | 0000 0048 
  0x00000247c6bba440: 8340 0801 | 4883 c010 | 4889 45d8 | 488b 45d8 | 4885 c00f | 8423 0100 | 0080 78f0 | 0a0f 8519 
  0x00000247c6bba460: 0100 0048 | 83c0 084c | 8b68 f841 | 83ed 0041 | 83fd 020f | 8cf8 0000 | 004c 8b6b | 0845 0fb7 
  0x00000247c6bba480: 6d2e 4c2b | 2841 83ed | 014e 8b6c | ec08 4d85 | ed75 0ef6 | 4008 0175 | 4bf0 4883 | 4808 01eb 
  0x00000247c6bba4a0: 4345 8b6d | 084d 8bd5 | 4c33 6808 | 49f7 c5fc | ffff ff74 | 2f41 f6c5 | 0275 2948 | 8378 0800 
  0x00000247c6bba4c0: 741e 4883 | 7808 0174 | 174d 8bea | 4c33 6808 | 49f7 c5fc | ffff ff74 | 0b48 8348 | 0802 eb04 
  0x00000247c6bba4e0: 4c89 6808 | 4883 c010 | 4c8b 68e8 | 4183 ed02 | 4183 fd02 | 0f8c 7700 | 0000 4c8b | 6b08 450f 
  0x00000247c6bba500: b76d 2e4c | 2b28 4183 | ed01 4e8b | 6cec 084d | 85ed 750e | f640 0801 | 754b f048 | 8348 0801 
  0x00000247c6bba520: eb43 458b | 6d08 4d8b | d54c 3368 | 0849 f7c5 | fcff ffff | 742f 41f6 | c502 7529 | 4883 7808 
  0x00000247c6bba540: 0074 1e48 | 8378 0801 | 7417 4d8b | ea4c 3368 | 0849 f7c5 | fcff ffff | 740b 4883 | 4808 02eb 
  0x00000247c6bba560: 044c 8968 | 0848 83c0 | 104c 8b68 | d841 83ed | 0441 c1e5 | 0349 03c5 | 4889 45d8 | 4c8d 6c24 
  0x00000247c6bba580: 0849 8bcd | 482b cd48 | c1f9 0348 | 894d f0ff | 6350 660f | 1f44 0000 
[/MachCode]

---------------  P R O C E S S  ---------------

Threads class SMR info:
_java_thread_list=0x00000247d3caa4d0, length=9, elements={
0x00000247b461c0e0, 0x00000247d3c9e030, 0x00000247d3c9ee80, 0x00000247d3cb4f30,
0x00000247d3cb5ae0, 0x00000247d3cb6690, 0x00000247d3cb7240, 0x00000247d3ca62f0,
0x00000247d3ca8b00
}

Java Threads: ( => current thread )
=>0x00000247b461c0e0 JavaThread "main"                              [_thread_in_vm, id=8964, stack(0x000000b3e4c00000,0x000000b3e4d00000) (1024K)]
  0x00000247d3c9e030 JavaThread "Reference Handler"          daemon [_thread_blocked, id=12992, stack(0x000000b3e5500000,0x000000b3e5600000) (1024K)]
  0x00000247d3c9ee80 JavaThread "Finalizer"                  daemon [_thread_blocked, id=8352, stack(0x000000b3e5600000,0x000000b3e5700000) (1024K)]
  0x00000247d3cb4f30 JavaThread "Signal Dispatcher"          daemon [_thread_blocked, id=13848, stack(0x000000b3e5700000,0x000000b3e5800000) (1024K)]
  0x00000247d3cb5ae0 JavaThread "Attach Listener"            daemon [_thread_blocked, id=8108, stack(0x000000b3e5800000,0x000000b3e5900000) (1024K)]
  0x00000247d3cb6690 JavaThread "Service Thread"             daemon [_thread_blocked, id=8796, stack(0x000000b3e5900000,0x000000b3e5a00000) (1024K)]
  0x00000247d3cb7240 JavaThread "Monitor Deflation Thread"   daemon [_thread_blocked, id=8988, stack(0x000000b3e5a00000,0x000000b3e5b00000) (1024K)]
  0x00000247d3ca62f0 JavaThread "C2 CompilerThread0"         daemon [_thread_blocked, id=15056, stack(0x000000b3e5b00000,0x000000b3e5c00000) (1024K)]
  0x00000247d3ca8b00 JavaThread "C1 CompilerThread0"         daemon [_thread_blocked, id=5272, stack(0x000000b3e5c00000,0x000000b3e5d00000) (1024K)]
Total: 9

Other Threads:
  0x00000247d3c39710 VMThread "VM Thread"                           [id=12552, stack(0x000000b3e5400000,0x000000b3e5500000) (1024K)]
  0x00000247d3c2d6a0 WatcherThread "VM Periodic Task Thread"        [id=6912, stack(0x000000b3e5300000,0x000000b3e5400000) (1024K)]
  0x00000247b69f7530 WorkerThread "GC Thread#0"                     [id=12668, stack(0x000000b3e4d00000,0x000000b3e4e00000) (1024K)]
  0x00000247b6a0f720 ConcurrentGCThread "G1 Main Marker"            [id=7336, stack(0x000000b3e4e00000,0x000000b3e4f00000) (1024K)]
  0x00000247b6a100a0 WorkerThread "G1 Conc#0"                       [id=10316, stack(0x000000b3e4f00000,0x000000b3e5000000) (1024K)]
  0x00000247b6a52280 WorkerThread "G1 Refinement Workers#0"         [id=2888, stack(0x000000b3e5100000,0x000000b3e5200000) (1024K)]
  0x00000247b6a508b0 ConcurrentGCThread "G1 Refine Control"         [id=8012, stack(0x000000b3e5000000,0x000000b3e5100000) (1024K)]
  0x00000247b6a5ac00 ConcurrentGCThread "G1 Service"                [id=10800, stack(0x000000b3e5200000,0x000000b3e5300000) (1024K)]
Total: 8

Threads with active compile tasks:
Total: 0

VM state: not at safepoint (normal execution)

VM Mutex/Monitor currently owned by a thread: None

Heap address: 0x0000000089a00000, size: 1894 MB, Compressed Oops mode: 32-bit

CDS archive(s) not mapped
Compressed class space mapped at: 0x000000000f000000-0x000000004f000000, reserved size: 1073741824
UseCompressedClassPointers 1, UseCompactObjectHeaders 0
Narrow klass pointer bits 32, Max shift 3
Narrow klass base: 0x0000000000000000, Narrow klass shift: 0
Encoding Range: [0x0000000000000000 - 0x0000000100000000), (4294967296 bytes)
Klass Range:    [0x000000000f000000 - 0x000000004f000000), (1073741824 bytes)
Klass ID Range:  [251658240 - 1325400057) (1073741817)
No protection zone.

GC Precious Log:
 CardTable entry size: 512
 Card Set container configuration: InlinePtr #cards 5 size 8 Array Of Cards #cards 10 size 36 Howl #buckets 4 coarsen threshold 1843 Howl Bitmap #cards 512 size 80 coarsen threshold 460 Card regions per heap region 1 cards per card region 2048
 CPUs: 8 total, 8 available
 Memory: 7573M
 Large Page Support: Disabled
 NUMA Support: Disabled
 Compressed Oops: Enabled (32-bit)
 Heap Region Size: 1M
 Heap Min Capacity: 8M
 Heap Initial Capacity: 8M
 Heap Max Capacity: 1894M
 Pre-touch: Disabled
 Parallel Workers: 8
 Concurrent Workers: 2
 Concurrent Refinement Workers: 8
 Periodic GC: Disabled

Heap:
 garbage-first heap   total reserved 1939456K, committed 8192K, used 0K [0x0000000089a00000, 0x0000000100000000)
  region size 1M, 1 eden (1M), 0 survivor (0M), 0 old (0M), 0 humongous (0M), 7 free (7M)

Heap Regions: E=young(eden), S=young(survivor), O=old, HS=humongous(starts), HC=humongous(continues), CS=collection set, F=free, TAMS=top-at-mark-start, PB=parsable bottom
|    0|0x0000000089a00000, 0x0000000089a00000, 0x0000000089b00000|  0%| F|  |TAMS 0x0000000089a00000| PB 0x0000000089a00000| Untracked |  0
|    1|0x0000000089b00000, 0x0000000089b00000, 0x0000000089c00000|  0%| F|  |TAMS 0x0000000089b00000| PB 0x0000000089b00000| Untracked |  0
|    2|0x0000000089c00000, 0x0000000089c00000, 0x0000000089d00000|  0%| F|  |TAMS 0x0000000089c00000| PB 0x0000000089c00000| Untracked |  0
|    3|0x0000000089d00000, 0x0000000089d00000, 0x0000000089e00000|  0%| F|  |TAMS 0x0000000089d00000| PB 0x0000000089d00000| Untracked |  0
|    4|0x0000000089e00000, 0x0000000089e00000, 0x0000000089f00000|  0%| F|  |TAMS 0x0000000089e00000| PB 0x0000000089e00000| Untracked |  0
|    5|0x0000000089f00000, 0x0000000089f00000, 0x000000008a000000|  0%| F|  |TAMS 0x0000000089f00000| PB 0x0000000089f00000| Untracked |  0
|    6|0x000000008a000000, 0x000000008a000000, 0x000000008a100000|  0%| F|  |TAMS 0x000000008a000000| PB 0x000000008a000000| Untracked |  0
|    7|0x000000008a100000, 0x000000008a1a4500, 0x000000008a200000| 64%| E|CS|TAMS 0x000000008a100000| PB 0x000000008a100000| Complete  |  0

Card table byte_map: [0x00000247ced70000,0x00000247cf130000] _byte_map_base: 0x00000247ce923000
Refinement table byte_map: [0x00000247cf130000,0x00000247cf4f0000] _byte_map_base: 0x00000247cece3000

Marking Bits: (CMBitMap*) 0x00000247b69f8ac0
 Bits: [0x00000247cf4f0000, 0x00000247d1288000)

Polling page: 0x00000247b4770000

Metaspace:
Metaspace        used 4414K, committed 4480K, reserved 1114112K
 class space     used 338K, committed 384K, reserved 1048576K

Usage:
  Non-class:      3.98 MB used.
      Class:    338.70 KB used.
       Both:      4.31 MB used.

Virtual space:
  Non-class space:       64.00 MB reserved,       4.00 MB (  6%) committed,  1 nodes.
      Class space:        1.00 GB reserved,     384.00 KB ( <1%) committed,  1 nodes.
             Both:        1.06 GB reserved,       4.38 MB ( <1%) committed. 

Chunk freelists:
   Non-Class:  12.00 MB
       Class:  15.50 MB
        Both:  27.50 MB

MaxMetaspaceSize: unlimited
CompressedClassSpaceSize: 1.00 GB
Initial GC threshold: 21.00 MB
Current GC threshold: 21.00 MB
CDS: off
 - commit_granule_bytes: 65536.
 - commit_granule_words: 8192.
 - virtual_space_node_default_size: 8388608.
 - enlarge_chunks_in_place: 1.
UseCompressedClassPointers 1, UseCompactObjectHeaders 0
Narrow klass pointer bits 32, Max shift 3
Narrow klass base: 0x0000000000000000, Narrow klass shift: 0
Encoding Range: [0x0000000000000000 - 0x0000000100000000), (4294967296 bytes)
Klass Range:    [0x000000000f000000 - 0x000000004f000000), (1073741824 bytes)
Klass ID Range:  [251658240 - 1325400057) (1073741817)
No protection zone.


Internal statistics:

num_allocs_failed_limit: 0.
num_arena_births: 2.
num_arena_deaths: 0.
num_vsnodes_births: 2.
num_vsnodes_deaths: 0.
num_space_committed: 70.
num_space_uncommitted: 0.
num_chunks_returned_to_freelist: 0.
num_chunks_taken_from_freelist: 2.
num_chunk_merges: 0.
num_chunk_splits: 2.
num_chunks_enlarged: 1.
num_inconsistent_stats: 0.

CodeHeap 'non-profiled nmethods': size=120064Kb used=8Kb max_used=8Kb free=120056Kb
 bounds [0x00000247c7140000, 0x00000247c73b0000, 0x00000247ce680000]
CodeHeap 'profiled nmethods': size=120064Kb used=33Kb max_used=33Kb free=120030Kb
 bounds [0x00000247bf660000, 0x00000247bf8d0000, 0x00000247c6ba0000]
CodeHeap 'non-nmethods': size=5760Kb used=1286Kb max_used=1286Kb free=4474Kb
 bounds [0x00000247c6ba0000, 0x00000247c6e10000, 0x00000247c7140000]
CodeCache: size=245888Kb, used=1327Kb, max_used=1327Kb, free=244560Kb
 total_blobs=363, nmethods=40, adapters=228, full_count=0
Compilation: enabled, stopped_count=0, restarted_count=0

Compilation events (20 events):
Event: 0.075 Thread 0x00000247d3ca8b00   28       3       java.lang.String::charAt (25 bytes)
Event: 0.075 Thread 0x00000247d3ca8b00 nmethod 28 0x00000247bf666388 code [0x00000247bf666480, 0x00000247bf666a10]
Event: 0.075 Thread 0x00000247d3ca8b00   29       3       java.lang.StringLatin1::charAt (15 bytes)
Event: 0.075 Thread 0x00000247d3ca8b00 nmethod 29 0x00000247bf666a88 code [0x00000247bf666b80, 0x00000247bf666d38]
Event: 0.075 Thread 0x00000247d3ca8b00   30       3       java.lang.String::checkIndex (10 bytes)
Event: 0.075 Thread 0x00000247d3ca8b00 nmethod 30 0x00000247bf666d88 code [0x00000247bf666e80, 0x00000247bf666fa8]
Event: 0.075 Thread 0x00000247d3ca8b00   31       3       jdk.internal.util.Preconditions::checkIndex (18 bytes)
Event: 0.075 Thread 0x00000247d3ca8b00 nmethod 31 0x00000247bf667088 code [0x00000247bf667180, 0x00000247bf667300]
Event: 0.075 Thread 0x00000247d3ca8b00   32       1       java.lang.module.ModuleReference::descriptor (5 bytes)
Event: 0.075 Thread 0x00000247d3ca8b00 nmethod 32 0x00000247c7141408 code [0x00000247c7141500, 0x00000247c71415b8]
Event: 0.076 Thread 0x00000247d3ca8b00   33       3       java.util.AbstractCollection::<init> (5 bytes)
Event: 0.077 Thread 0x00000247d3ca8b00 nmethod 33 0x00000247bf667388 code [0x00000247bf667480, 0x00000247bf6675d0]
Event: 0.079 Thread 0x00000247d3ca8b00   34       3       java.util.ImmutableCollections$SetN$SetNIterator::hasNext (13 bytes)
Event: 0.079 Thread 0x00000247d3ca8b00 nmethod 34 0x00000247bf667688 code [0x00000247bf667780, 0x00000247bf6678c8]
Event: 0.079 Thread 0x00000247d3ca8b00   39       3       java.util.ImmutableCollections$SetN$SetNIterator::next (90 bytes)
Event: 0.080 Thread 0x00000247d3ca8b00 nmethod 39 0x00000247bf667988 code [0x00000247bf667a80, 0x00000247bf667d50]
Event: 0.080 Thread 0x00000247d3ca8b00   37       3       java.util.concurrent.ConcurrentHashMap::tabAt (21 bytes)
Event: 0.080 Thread 0x00000247d3ca8b00 nmethod 37 0x00000247bf667d88 code [0x00000247bf667e80, 0x00000247bf668180]
Event: 0.080 Thread 0x00000247d3ca8b00   38       3       jdk.internal.misc.Unsafe::getReferenceAcquire (7 bytes)
Event: 0.080 Thread 0x00000247d3ca8b00 nmethod 38 0x00000247bf668208 code [0x00000247bf668300, 0x00000247bf668440]

GC Heap Usage History (0 events):
No events

Metaspace Usage History (0 events):
No events

Dll operation events (2 events):
Event: 0.006 Attempting to load shared library C:\Program Files\Java\jdk-26.0.1\bin\java.dll
Event: 0.007 Loaded shared library C:\Program Files\Java\jdk-26.0.1\bin\java.dll

Deoptimization events (0 events):
No events

Classes loaded (20 events):
Event: 0.087 Loading class java/lang/constant/DynamicConstantDesc$AnonymousDynamicConstantDesc done
Event: 0.087 Loading class java/lang/invoke/DirectMethodHandle$Holder
Event: 0.087 Loading class java/lang/invoke/DirectMethodHandle$Holder done
Event: 0.087 Loading class sun/invoke/util/ValueConversions
Event: 0.088 Loading class sun/invoke/util/ValueConversions done
Event: 0.088 Loading class java/lang/invoke/Invokers
Event: 0.088 Loading class java/lang/invoke/Invokers done
Event: 0.088 Loading class java/lang/invoke/LambdaForm$Kind
Event: 0.088 Loading class java/lang/invoke/LambdaForm$Kind done
Event: 0.089 Loading class java/lang/invoke/LambdaForm$BasicType
Event: 0.089 Loading class java/lang/invoke/LambdaForm$BasicType done
Event: 0.089 Loading class java/lang/classfile/TypeKind
Event: 0.089 Loading class java/lang/classfile/TypeKind done
Event: 0.089 Loading class java/lang/reflect/Array
Event: 0.089 Loading class java/lang/reflect/Array done
Event: 0.089 Loading class java/lang/invoke/LambdaForm$Name
Event: 0.089 Loading class java/lang/invoke/LambdaForm$Name done
Event: 0.089 Loading class java/lang/invoke/LambdaForm$Holder
Event: 0.089 Loading class java/lang/invoke/LambdaForm$Holder done
Event: 0.089 Loading class java/lang/invoke/InvokerBytecodeGenerator

Classes unloaded (0 events):
No events

Classes redefined (0 events):
No events

Internal exceptions (0 events):
No events

VM Operations (0 events):
No events

Memory protections (0 events):
No events

Nmethod flushes (0 events):
No events

Events (9 events):
Event: 0.013 Thread 0x00000247b461c0e0 Thread added: 0x00000247b461c0e0
Event: 0.058 Thread 0x00000247b461c0e0 Thread added: 0x00000247d3c9e030
Event: 0.058 Thread 0x00000247b461c0e0 Thread added: 0x00000247d3c9ee80
Event: 0.059 Thread 0x00000247b461c0e0 Thread added: 0x00000247d3cb4f30
Event: 0.059 Thread 0x00000247b461c0e0 Thread added: 0x00000247d3cb5ae0
Event: 0.059 Thread 0x00000247b461c0e0 Thread added: 0x00000247d3cb6690
Event: 0.059 Thread 0x00000247b461c0e0 Thread added: 0x00000247d3cb7240
Event: 0.059 Thread 0x00000247b461c0e0 Thread added: 0x00000247d3ca62f0
Event: 0.059 Thread 0x00000247b461c0e0 Thread added: 0x00000247d3ca8b00


Dynamic libraries:
0x00007ff730a70000 - 0x00007ff730a78000 	C:\Program Files\Java\jdk-26.0.1\bin\javac.exe
0x00007fff8f4e0000 - 0x00007fff8f746000 	C:\WINDOWS\SYSTEM32\ntdll.dll
0x00007fff8e680000 - 0x00007fff8e749000 	C:\WINDOWS\System32\KERNEL32.DLL
0x00007fff8ca20000 - 0x00007fff8ce1a000 	C:\WINDOWS\System32\KERNELBASE.dll
0x00007fff8ce20000 - 0x00007fff8cf6c000 	C:\WINDOWS\System32\ucrtbase.dll
0x00007fff7dd50000 - 0x00007fff7dd6e000 	C:\Program Files\Java\jdk-26.0.1\bin\VCRUNTIME140.dll
0x00007fff7f6a0000 - 0x00007fff7f6b7000 	C:\Program Files\Java\jdk-26.0.1\bin\jli.dll
0x00007fff8e3b0000 - 0x00007fff8e577000 	C:\WINDOWS\System32\USER32.dll
0x00007fff8d0e0000 - 0x00007fff8d107000 	C:\WINDOWS\System32\win32u.dll
0x00007fff70690000 - 0x00007fff70922000 	C:\WINDOWS\WinSxS\amd64_microsoft.windows.common-controls_6595b64144ccf1df_6.0.26100.8521_none_3e08b75ce33403b3\COMCTL32.dll
0x00007fff8d250000 - 0x00007fff8d27b000 	C:\WINDOWS\System32\GDI32.dll
0x00007fff8eaf0000 - 0x00007fff8eb99000 	C:\WINDOWS\System32\msvcrt.dll
0x00007fff8c8f0000 - 0x00007fff8ca1b000 	C:\WINDOWS\System32\gdi32full.dll
0x00007fff8cf70000 - 0x00007fff8d013000 	C:\WINDOWS\System32\msvcp_win.dll
0x00007fff8e580000 - 0x00007fff8e5b2000 	C:\WINDOWS\System32\IMM32.DLL
0x00007fff86810000 - 0x00007fff8681c000 	C:\Program Files\Java\jdk-26.0.1\bin\vcruntime140_1.dll
0x00007fff679e0000 - 0x00007fff67a6d000 	C:\Program Files\Java\jdk-26.0.1\bin\msvcp140.dll
0x00007fff55930000 - 0x00007fff567fe000 	C:\Program Files\Java\jdk-26.0.1\bin\server\jvm.dll
0x00007fff8eba0000 - 0x00007fff8ec56000 	C:\WINDOWS\System32\ADVAPI32.dll
0x00007fff8d840000 - 0x00007fff8d8ea000 	C:\WINDOWS\System32\sechost.dll
0x00007fff8d720000 - 0x00007fff8d838000 	C:\WINDOWS\System32\RPCRT4.dll
0x00007fff8d8f0000 - 0x00007fff8d970000 	C:\WINDOWS\System32\WS2_32.dll
0x00007fff8c5c0000 - 0x00007fff8c61e000 	C:\WINDOWS\SYSTEM32\POWRPROF.dll
0x00007fff7e3f0000 - 0x00007fff7e426000 	C:\WINDOWS\SYSTEM32\WINMM.dll
0x00007fff81cb0000 - 0x00007fff81cbb000 	C:\WINDOWS\SYSTEM32\VERSION.dll
0x00007fff8c5a0000 - 0x00007fff8c5b4000 	C:\WINDOWS\SYSTEM32\UMPDC.dll
0x00007fff8b4c0000 - 0x00007fff8b4db000 	C:\WINDOWS\SYSTEM32\kernel.appcore.dll
0x00007fff86790000 - 0x00007fff8679a000 	C:\Program Files\Java\jdk-26.0.1\bin\jimage.dll
0x00007fff89e20000 - 0x00007fff8a062000 	C:\WINDOWS\SYSTEM32\DBGHELP.DLL
0x00007fff8d280000 - 0x00007fff8d603000 	C:\WINDOWS\System32\combase.dll
0x00007fff8d610000 - 0x00007fff8d6e9000 	C:\WINDOWS\System32\OLEAUT32.dll
0x00007fff819c0000 - 0x00007fff819fb000 	C:\WINDOWS\SYSTEM32\dbgcore.DLL
0x00007fff8d1a0000 - 0x00007fff8d248000 	C:\WINDOWS\System32\bcryptPrimitives.dll
0x00007fff764c0000 - 0x00007fff764df000 	C:\Program Files\Java\jdk-26.0.1\bin\java.dll
0x00007fff8e7f0000 - 0x00007fff8e988000 	C:\WINDOWS\System32\ole32.dll
0x00007fff8dc00000 - 0x00007fff8e384000 	C:\WINDOWS\System32\SHELL32.dll
0x00007fff8a2f0000 - 0x00007fff8ab70000 	C:\WINDOWS\SYSTEM32\windows.storage.dll
0x00007fff8eeb0000 - 0x00007fff8efa6000 	C:\WINDOWS\System32\SHCORE.dll
0x00007fff8da00000 - 0x00007fff8da67000 	C:\WINDOWS\System32\shlwapi.dll
0x00007fff8c690000 - 0x00007fff8c6b9000 	C:\WINDOWS\SYSTEM32\profapi.dll

JVMTI agents: none

dbghelp: loaded successfully - version: 4.0.5 - missing functions: none
symbol engine: initialized successfully - sym options: 0x614 - pdb path: .;C:\Program Files\Java\jdk-26.0.1\bin;C:\WINDOWS\SYSTEM32;C:\WINDOWS\WinSxS\amd64_microsoft.windows.common-controls_6595b64144ccf1df_6.0.26100.8521_none_3e08b75ce33403b3;C:\Program Files\Java\jdk-26.0.1\bin\server

VM Arguments:
jvm_args: -Dapplication.home=C:\Program Files\Java\jdk-26.0.1 --add-modules=ALL-DEFAULT -Xms8m -Djdk.module.main=jdk.compiler 
java_command: jdk.compiler/com.sun.tools.javac.Main s.java
java_class_path (initial): <not set>
Launcher Type: SUN_STANDARD

[Global flags]
     bool AOTAdapterCaching                        = false                                  {diagnostic} {ergonomic}
     bool AOTInvokeDynamicLinking                  = false                                  {diagnostic} {ergonomic}
     bool AOTRecordTraining                        = false                                  {diagnostic} {ergonomic}
     bool AOTReplayTraining                        = false                                  {diagnostic} {ergonomic}
     bool AOTStubCaching                           = false                                  {diagnostic} {ergonomic}
     intx CICompilerCount                          = 4                                         {product} {ergonomic}
     uint ConcGCThreads                            = 2                                         {product} {ergonomic}
     uint G1ConcRefinementThreads                  = 8                                         {product} {ergonomic}
     uint G1EagerReclaimRemSetThreshold            = 10                                   {experimental} {ergonomic}
   size_t G1HeapRegionSize                         = 1048576                                   {product} {ergonomic}
     uint G1RemSetArrayOfCardsEntries              = 10                                   {experimental} {ergonomic}
     uint G1RemSetHowlMaxNumBuckets                = 8                                    {experimental} {ergonomic}
     uint G1RemSetHowlNumBuckets                   = 4                                    {experimental} {ergonomic}
   size_t InitialHeapSize                          = 8388608                                   {product} {command line}
     bool IntelJccErratumMitigation                = false                             {ARCH diagnostic} {ergonomic}
   size_t MarkStackSize                            = 4194304                                   {product} {ergonomic}
   size_t MarkStackSizeMax                         = 536870912                                 {product} {ergonomic}
   size_t MaxHeapSize                              = 1986002944                                {product} {ergonomic}
   size_t MaxNewSize                               = 1191182336                                {product} {ergonomic}
 uint64_t MaxRAM                                   = 7941263360                                {product} {ergonomic}
   size_t MinHeapDeltaBytes                        = 1048576                                   {product} {ergonomic}
   size_t MinHeapSize                              = 8388608                                   {product} {command line}
   size_t NonNMethodCodeHeapSize                   = 5898240                                {pd product} {ergonomic}
   size_t NonProfiledCodeHeapSize                  = 122945536                              {pd product} {ergonomic}
   size_t ProfiledCodeHeapSize                     = 122945536                              {pd product} {ergonomic}
   size_t ReservedCodeCacheSize                    = 251789312                              {pd product} {ergonomic}
     bool SegmentedCodeCache                       = true                                      {product} {ergonomic}
   size_t SoftMaxHeapSize                          = 1986002944                             {manageable} {ergonomic}
     bool UseCompressedOops                        = true                           {product lp64_product} {ergonomic}
     bool UseCondCardMark                          = true                                      {product} {ergonomic}
     bool UseFastUnorderedTimeStamps               = true                                 {experimental} {ergonomic}
     bool UseG1GC                                  = true                                      {product} {ergonomic}
     bool UseLargePagesIndividualAllocation        = false                                  {pd product} {ergonomic}
      int X86ICacheSync                            = 3                                 {ARCH diagnostic} {ergonomic}

Logging:
Log output configuration:
 #0: stdout all=warning uptime,level,tags foldmultilines=false
 #1: stderr all=off uptime,level,tags foldmultilines=false

Release file:
<release file has not been read>
Environment Variables:
PATH=C:\Program Files\Common Files\Oracle\Java\javapath;C:\WINDOWS\system32;C:\WINDOWS;C:\WINDOWS\System32\Wbem;C:\WINDOWS\System32\WindowsPowerShell\v1.0\;C:\WINDOWS\System32\OpenSSH\;C:\Users\ADMIN\AppData\Local\Microsoft\WindowsApps;C:\Users\ADMIN\AppData\Local\Programs\Microsoft VS Code\bin
USERNAME=ADMIN
LANG=en_US.UTF-8
OS=Windows_NT
PROCESSOR_IDENTIFIER=Intel64 Family 6 Model 140 Stepping 1, GenuineIntel
TMP=C:\Users\ADMIN\AppData\Local\Temp
TEMP=C:\Users\ADMIN\AppData\Local\Temp




Compilation memory statistics disabled.

Periodic native trim disabled

---------------  S Y S T E M  ---------------

OS:
 Windows 11 , 64 bit Build 26100 (10.0.26100.8521)
OS uptime: 0 days 17:59 hours
Hyper-V role detected

CPU: total 8 (initial active 8) (4 cores per cpu, 2 threads per core) family 6 model 140 stepping 1 microcode 0xbe, cx8, cmov, fxsr, ht, mmx, 3dnowpref, sse, sse2, sse3, ssse3, sse4.1, sse4.2, popcnt, lzcnt, tsc, tscinvbit, avx, avx2, aes, erms, clmul, bmi1, bmi2, adx, avx512f, avx512dq, avx512cd, avx512bw, avx512vl, sha, fma, vzeroupper, avx512_vpopcntdq, avx512_vpclmulqdq, avx512_vaes, avx512_vnni, clflush, clflushopt, clwb, avx512_vbmi2, avx512_vbmi, hv, rdtscp, rdpid, fsrm, gfni, avx512_bitalg, f16c, cet_ibt, cet_ss, avx512_ifma
Processor Information for the first 8 processors :
  Max Mhz: 1498, Current Mhz: 1498, Mhz Limit: 1498

Memory: 4k page, system-wide physical 7573M (1033M free)
TotalPageFile size 8085M (AvailPageFile size 4M)
current process WorkingSet (physical memory assigned to process): 30M, peak: 30M
current process commit charge ("private bytes"): 77M, peak: 82M

vm_info: Java HotSpot(TM) 64-Bit Server VM (26.0.1+8-34) for windows-amd64 JRE (26.0.1+8-34), built on 2026-03-10T17:24:10Z with MS VC++ 17.13 (VS2022)

END.
