#
# There is insufficient memory for the Java Runtime Environment to continue.
# Native memory allocation (mmap) failed to map 14680064 bytes. Error detail: G1 virtual space
# Possible reasons:
#   The system is out of physical RAM or swap space
#   This process is running with CompressedOops enabled, and the Java Heap may be blocking the growth of the native heap
# Possible solutions:
#   Reduce memory load on the system
#   Increase physical memory or swap space
#   Check if swap backing store is full
#   Decrease Java heap size (-Xmx/-Xms)
#   Decrease number of Java threads
#   Decrease Java thread stack sizes (-Xss)
#   Set larger code cache with -XX:ReservedCodeCacheSize=
#   JVM is running with Unscaled Compressed Oops mode in which the Java heap is
#     placed in the first 4GB address space. The Java Heap base address is the
#     maximum limit for the native heap growth. Please use -XX:HeapBaseMinAddress
#     to set the Java Heap base and to place the Java Heap above 4GB virtual address.
# This output file may be truncated or incomplete.
#
#  Out of Memory Error (os_windows.cpp:3583), pid=9580, tid=3884
#
# JRE version: Java(TM) SE Runtime Environment (26.0.1+8) (build 26.0.1+8-34)
# Java VM: Java HotSpot(TM) 64-Bit Server VM (26.0.1+8-34, mixed mode, sharing, tiered, compressed oops, compressed class ptrs, g1 gc, windows-amd64)
# No core dump will be written. Minidumps are not enabled by default on client versions of Windows
#

---------------  S U M M A R Y ------------

Command Line: -Dapplication.home=C:\Program Files\Java\jdk-26.0.1 --add-modules=ALL-DEFAULT -Xms8m -Djdk.module.main=jdk.compiler jdk.compiler/com.sun.tools.javac.Main items.java

Host: 11th Gen Intel(R) Core(TM) i5-1145G7 @ 2.60GHz, 8 cores, 7G,  Windows 11 , 64 bit Build 26100 (10.0.26100.8521)
Time: Thu Jul  2 13:11:36 2026 India Standard Time elapsed time: 0.316232 seconds (0d 0h 0m 0s)

---------------  T H R E A D  ---------------

Current thread (0x000001b5699268b0):  VMThread "VM Thread"          [id=3884, stack(0x000000731db00000,0x000000731dc00000) (1024K)]

Stack: [0x000000731db00000,0x000000731dc00000]
Native frames: (J=compiled Java code, j=interpreted, Vv=VM code, C=native code)
V  [jvm.dll+0x7d5879]  (no source info available)
V  [jvm.dll+0x7a37dd]  (no source info available)
V  [jvm.dll+0x9b0c10]  (no source info available)
V  [jvm.dll+0x9b3061]  (no source info available)
V  [jvm.dll+0x9b3773]  (no source info available)
V  [jvm.dll+0x30df76]  (no source info available)
V  [jvm.dll+0x7d4d45]  (no source info available)
V  [jvm.dll+0x7c7f07]  (no source info available)
V  [jvm.dll+0x4087e8]  (no source info available)
V  [jvm.dll+0x410b56]  (no source info available)
V  [jvm.dll+0x3fcef4]  (no source info available)
V  [jvm.dll+0x3fd1e5]  (no source info available)
V  [jvm.dll+0x3d3b6f]  (no source info available)
V  [jvm.dll+0x3d6ddc]  (no source info available)
V  [jvm.dll+0x4223ec]  (no source info available)
V  [jvm.dll+0x420d33]  (no source info available)
V  [jvm.dll+0x3d3308]  (no source info available)
V  [jvm.dll+0x4200f3]  (no source info available)
V  [jvm.dll+0x9b9c21]  (no source info available)
V  [jvm.dll+0x9babeb]  (no source info available)
V  [jvm.dll+0x9bb0fc]  (no source info available)
V  [jvm.dll+0x9bb579]  (no source info available)
V  [jvm.dll+0x9bb823]  (no source info available)
V  [jvm.dll+0x94f649]  (no source info available)
V  [jvm.dll+0x7d7358]  (no source info available)
C  [ucrtbase.dll+0x2cd30]  (no source info available)
C  [KERNEL32.DLL+0x2e957]  (no source info available)
C  [ntdll.dll+0x87c1c]  (no source info available)

VM_Operation (0x000000731d3fd9e8): G1CollectForAllocation, mode: safepoint, requested by thread 0x000001b54c69f6e0


---------------  P R O C E S S  ---------------

Threads class SMR info:
_java_thread_list=0x000001b569b468f0, length=11, elements={
0x000001b54c69f6e0, 0x000001b569933f10, 0x000001b5699346c0, 0x000001b569948ea0,
0x000001b56994d670, 0x000001b56994de20, 0x000001b56994eea0, 0x000001b569977ac0,
0x000001b569979a70, 0x000001b569b57ce0, 0x000001b569b6aa20
}

Java Threads: ( => current thread )
  0x000001b54c69f6e0 JavaThread "main"                              [_thread_blocked, id=9936, stack(0x000000731d300000,0x000000731d400000) (1024K)]
  0x000001b569933f10 JavaThread "Reference Handler"          daemon [_thread_blocked, id=7712, stack(0x000000731dc00000,0x000000731dd00000) (1024K)]
  0x000001b5699346c0 JavaThread "Finalizer"                  daemon [_thread_blocked, id=16232, stack(0x000000731dd00000,0x000000731de00000) (1024K)]
  0x000001b569948ea0 JavaThread "Signal Dispatcher"          daemon [_thread_blocked, id=15372, stack(0x000000731de00000,0x000000731df00000) (1024K)]
  0x000001b56994d670 JavaThread "Attach Listener"            daemon [_thread_blocked, id=11072, stack(0x000000731df00000,0x000000731e000000) (1024K)]
  0x000001b56994de20 JavaThread "Service Thread"             daemon [_thread_blocked, id=12500, stack(0x000000731e000000,0x000000731e100000) (1024K)]
  0x000001b56994eea0 JavaThread "Monitor Deflation Thread"   daemon [_thread_blocked, id=9288, stack(0x000000731e100000,0x000000731e200000) (1024K)]
  0x000001b569977ac0 JavaThread "C2 CompilerThread0"         daemon [_thread_blocked, id=8364, stack(0x000000731e200000,0x000000731e300000) (1024K)]
  0x000001b569979a70 JavaThread "C1 CompilerThread0"         daemon [_thread_blocked, id=11272, stack(0x000000731e300000,0x000000731e400000) (1024K)]
  0x000001b569b57ce0 JavaThread "Notification Thread"        daemon [_thread_blocked, id=13636, stack(0x000000731e400000,0x000000731e500000) (1024K)]
  0x000001b569b6aa20 JavaThread "Common-Cleaner"             daemon [_thread_blocked, id=9968, stack(0x000000731e500000,0x000000731e600000) (1024K)]
Total: 11

Other Threads:
=>0x000001b5699268b0 VMThread "VM Thread"                           [id=3884, stack(0x000000731db00000,0x000000731dc00000) (1024K)]
  0x000001b54c755020 WatcherThread "VM Periodic Task Thread"        [id=7464, stack(0x000000731da00000,0x000000731db00000) (1024K)]
  0x000001b54c6d8f00 WorkerThread "GC Thread#0"                     [id=5356, stack(0x000000731d400000,0x000000731d500000) (1024K)]
  0x000001b56e41e4b0 WorkerThread "GC Thread#1"                     [id=13112, stack(0x000000731e600000,0x000000731e700000) (1024K)]
  0x000001b56e5d1400 WorkerThread "GC Thread#2"                     [id=1304, stack(0x000000731e700000,0x000000731e800000) (1024K)]
  0x000001b54c70e4b0 ConcurrentGCThread "G1 Main Marker"            [id=4080, stack(0x000000731d500000,0x000000731d600000) (1024K)]
  0x000001b54c70f5d0 WorkerThread "G1 Conc#0"                       [id=1100, stack(0x000000731d600000,0x000000731d700000) (1024K)]
  0x000001b54c757800 WorkerThread "G1 Refinement Workers#0"         [id=9668, stack(0x000000731d800000,0x000000731d900000) (1024K)]
  0x000001b54c751360 ConcurrentGCThread "G1 Refine Control"         [id=4852, stack(0x000000731d700000,0x000000731d800000) (1024K)]
  0x000001b54c759c30 ConcurrentGCThread "G1 Service"                [id=10944, stack(0x000000731d900000,0x000000731da00000) (1024K)]
Total: 10

Threads with active compile tasks:
C1 CompilerThread0  349  770       3       java.lang.invoke.MethodHandles$Lookup::in (283 bytes)
Total: 1

VM state: at safepoint (normal execution)

VM Mutex/Monitor currently owned by a thread:  ([mutex/lock_event])
[0x00007fff5882ed08] Threads_lock - owner thread: 0x000001b5699268b0
[0x00007fff5882ef88] Heap_lock - owner thread: 0x000001b54c69f6e0

Heap address: 0x0000000089a00000, size: 1894 MB, Compressed Oops mode: 32-bit

CDS archive(s) mapped at: [0x0000000038000000-0x0000000038de0000-0x0000000038de0000), size 14548992, SharedBaseAddress: 0x0000000038000000, ArchiveRelocationMode: 1.
Compressed class space mapped at: 0x0000000039000000-0x0000000079000000, reserved size: 1073741824
UseCompressedClassPointers 1, UseCompactObjectHeaders 0
Narrow klass pointer bits 32, Max shift 3
Narrow klass base: 0x0000000038000000, Narrow klass shift: 0
Encoding Range: [0x0000000038000000 - 0x0000000138000000), (4294967296 bytes)
Klass Range:    [0x0000000038000000 - 0x0000000079000000), (1090519040 bytes)
Klass ID Range:  [8 - 1090519033) (1090519025)
Protection zone: [0x0000000038000000 - 0x0000000038010000), (65536 bytes)

GC Precious Log:
 CardTable entry size: 512
 Card Set container configuration: InlinePtr #cards 5 size 8 Array Of Cards #cards 10 size 36 Howl #buckets 4 coarsen threshold 1843 Howl Bitmap #cards 512 size 80 coarsen threshold 460 Card regions per heap region 1 cards per card region 2048
 CPUs: 8 total, 8 available
 Memory: 7573M
 Large Page Support: Disabled
 NUMA Support: Disabled
 Compressed Oops: Enabled (32-bit)
 Heap Region Size: 1M
 Heap Min Capacity: 8M
 Heap Initial Capacity: 8M
 Heap Max Capacity: 1894M
 Pre-touch: Disabled
 Parallel Workers: 8
 Concurrent Workers: 2
 Concurrent Refinement Workers: 8
 Periodic GC: Disabled

Heap:
 garbage-first heap   total reserved 1939456K, committed 10240K, used 3357K [0x0000000089a00000, 0x0000000100000000)
  region size 1M, 0 eden (0M), 1 survivor (1M), 4 old (4M), 0 humongous (0M), 5 free (5M)

Heap Regions: E=young(eden), S=young(survivor), O=old, HS=humongous(starts), HC=humongous(continues), CS=collection set, F=free, TAMS=top-at-mark-start, PB=parsable bottom
|    0|0x0000000089a00000, 0x0000000089b00000, 0x0000000089b00000|100%| O|  |TAMS 0x0000000089a00000| PB 0x0000000089a00000| Untracked |  0
|    1|0x0000000089b00000, 0x0000000089b2d630, 0x0000000089c00000| 17%| O|  |TAMS 0x0000000089b00000| PB 0x0000000089b00000| Untracked |  0
|    2|0x0000000089c00000, 0x0000000089c00000, 0x0000000089d00000|  0%| F|  |TAMS 0x0000000089c00000| PB 0x0000000089c00000| Untracked |  0
|    3|0x0000000089d00000, 0x0000000089d00000, 0x0000000089e00000|  0%| F|  |TAMS 0x0000000089d00000| PB 0x0000000089d00000| Untracked |  0
|    4|0x0000000089e00000, 0x0000000089ef1398, 0x0000000089f00000| 94%| S|CS|TAMS 0x0000000089e00000| PB 0x0000000089e00000| Complete  |  0
|    5|0x0000000089f00000, 0x0000000089f00000, 0x000000008a000000|  0%| F|  |TAMS 0x0000000089f00000| PB 0x0000000089f00000| Untracked |  0
|    6|0x000000008a000000, 0x000000008a000000, 0x000000008a100000|  0%| F|  |TAMS 0x000000008a000000| PB 0x000000008a000000| Untracked |  0
|    7|0x000000008a100000, 0x000000008a100000, 0x000000008a200000|  0%| F|  |TAMS 0x000000008a100000| PB 0x000000008a100000| Untracked |  0
| 1892|0x00000000ffe00000, 0x00000000fff00000, 0x00000000fff00000|100%| O|  |TAMS 0x00000000ffe00000| PB 0x00000000ffe00000| Untracked |  0
| 1893|0x00000000fff00000, 0x00000000fff28d80, 0x0000000100000000| 15%| O|  |TAMS 0x00000000fff00000| PB 0x00000000fff00000| Untracked |  0

Card table byte_map: [0x000001b564e10000,0x000001b5651d0000] _byte_map_base: 0x000001b5649c3000
Refinement table byte_map: [0x000001b564a50000,0x000001b564e10000] _byte_map_base: 0x000001b564603000

Marking Bits: (CMBitMap*) 0x000001b54c6da490
 Bits: [0x000001b5651d0000, 0x000001b566f68000)

Polling page: 0x000001b54a620000

Metaspace:
Metaspace        used 7421K, committed 7616K, reserved 1114112K
 class space     used 887K, committed 960K, reserved 1048576K

Usage:
  Non-class:      6.38 MB used.
      Class:    887.45 KB used.
       Both:      7.25 MB used.

Virtual space:
  Non-class space:       64.00 MB reserved,       6.50 MB ( 10%) committed,  1 nodes.
      Class space:        1.00 GB reserved,     960.00 KB ( <1%) committed,  1 nodes.
             Both:        1.06 GB reserved,       7.44 MB ( <1%) committed. 

Chunk freelists:
   Non-Class:  6.66 MB
       Class:  14.94 MB
        Both:  21.59 MB

MaxMetaspaceSize: unlimited
CompressedClassSpaceSize: 1.00 GB
Initial GC threshold: 21.00 MB
Current GC threshold: 21.00 MB
CDS: on
 - commit_granule_bytes: 65536.
 - commit_granule_words: 8192.
 - virtual_space_node_default_size: 8388608.
 - enlarge_chunks_in_place: 1.
UseCompressedClassPointers 1, UseCompactObjectHeaders 0
Narrow klass pointer bits 32, Max shift 3
Narrow klass base: 0x0000000038000000, Narrow klass shift: 0
Encoding Range: [0x0000000038000000 - 0x0000000138000000), (4294967296 bytes)
Klass Range:    [0x0000000038000000 - 0x0000000079000000), (1090519040 bytes)
Klass ID Range:  [8 - 1090519033) (1090519025)
Protection zone: [0x0000000038000000 - 0x0000000038010000), (65536 bytes)


Internal statistics:

num_allocs_failed_limit: 0.
num_arena_births: 70.
num_arena_deaths: 0.
num_vsnodes_births: 2.
num_vsnodes_deaths: 0.
num_space_committed: 119.
num_space_uncommitted: 0.
num_chunks_returned_to_freelist: 0.
num_chunks_taken_from_freelist: 326.
num_chunk_merges: 0.
num_chunk_splits: 234.
num_chunks_enlarged: 186.
num_inconsistent_stats: 0.

CodeHeap 'non-profiled nmethods': size=120064Kb used=226Kb max_used=226Kb free=119837Kb
 bounds [0x000001b55ce20000, 0x000001b55d090000, 0x000001b564360000]
CodeHeap 'profiled nmethods': size=120064Kb used=919Kb max_used=919Kb free=119144Kb
 bounds [0x000001b555340000, 0x000001b5555b0000, 0x000001b55c880000]
CodeHeap 'non-nmethods': size=5760Kb used=1410Kb max_used=1420Kb free=4349Kb
 bounds [0x000001b55c880000, 0x000001b55caf0000, 0x000001b55ce20000]
CodeCache: size=245888Kb, used=2555Kb, max_used=2565Kb, free=243330Kb
 total_blobs=1195, nmethods=768, adapters=332, full_count=0
Compilation: enabled, stopped_count=0, restarted_count=0

Compilation events (20 events):
Event: 0.297 Thread 0x000001b569979a70 nmethod 760 0x000001b555422508 code [0x000001b555422600, 0x000001b5554227f8]
Event: 0.297 Thread 0x000001b569979a70  761       3       java.lang.invoke.MethodHandles$Lookup::<init> (84 bytes)
Event: 0.298 Thread 0x000001b569979a70 nmethod 761 0x000001b555422808 code [0x000001b555422900, 0x000001b555422b20]
Event: 0.299 Thread 0x000001b569979a70  762       3       java.lang.StringLatin1::replace (197 bytes)
Event: 0.300 Thread 0x000001b569979a70 nmethod 762 0x000001b555422b88 code [0x000001b555422c80, 0x000001b555423b28]
Event: 0.300 Thread 0x000001b569979a70  763   !   3       java.lang.invoke.MethodHandle::setVarargs (50 bytes)
Event: 0.301 Thread 0x000001b569979a70 nmethod 763 0x000001b555423b88 code [0x000001b555423c80, 0x000001b555424c08]
Event: 0.301 Thread 0x000001b569979a70  764       3       java.lang.invoke.MemberName::isVarargs (23 bytes)
Event: 0.301 Thread 0x000001b569979a70 nmethod 764 0x000001b555424c88 code [0x000001b555424d80, 0x000001b555425130]
Event: 0.301 Thread 0x000001b569977ac0  765       4       java.util.HashMap::getNode (150 bytes)
Event: 0.301 Thread 0x000001b569979a70  766       3       jdk.internal.loader.ClassLoaders::platformClassLoader (4 bytes)
Event: 0.301 Thread 0x000001b569979a70 nmethod 766 0x000001b555425188 code [0x000001b555425280, 0x000001b555425360]
Event: 0.302 Thread 0x000001b569979a70  768       3       java.util.ImmutableCollections$List12::<init> (20 bytes)
Event: 0.302 Thread 0x000001b569979a70 nmethod 768 0x000001b555425488 code [0x000001b555425580, 0x000001b5554259f8]
Event: 0.302 Thread 0x000001b569979a70  769       3       jdk.internal.classfile.impl.Util::powerOctal (21 bytes)
Event: 0.302 Thread 0x000001b569979a70 nmethod 769 0x000001b555425a08 code [0x000001b555425b00, 0x000001b555425cc0]
Event: 0.304 Thread 0x000001b569977ac0 nmethod 765 0x000001b55ce57e08 code [0x000001b55ce57f00, 0x000001b55ce58338]
Event: 0.304 Thread 0x000001b569977ac0  767       4       java.util.concurrent.ConcurrentHashMap::get (162 bytes)
Event: 0.307 Thread 0x000001b569977ac0 nmethod 767 0x000001b55ce58388 code [0x000001b55ce58480, 0x000001b55ce588b8]
Event: 0.308 Thread 0x000001b569979a70  770       3       java.lang.invoke.MethodHandles$Lookup::in (283 bytes)

GC Heap Usage History (5 events):
Event: 0.167 {heap Before GC invocations=0 (full 0):
 garbage-first heap   total reserved 1939456K, committed 10240K, used 5283K [0x0000000089a00000, 0x0000000100000000)
  region size 1M, 4 eden (4M), 0 survivor (0M), 2 old (2M), 0 humongous (0M), 4 free (4M)
}
Event: 0.169 {heap After GC invocations=1 (full 0):
 garbage-first heap   total reserved 1939456K, committed 10240K, used 2339K [0x0000000089a00000, 0x0000000100000000)
  region size 1M, 0 eden (0M), 1 survivor (1M), 3 old (3M), 0 humongous (0M), 6 free (6M)
}
Event: 0.243 {heap Before GC invocations=1 (full 0):
 garbage-first heap   total reserved 1939456K, committed 10240K, used 3363K [0x0000000089a00000, 0x0000000100000000)
  region size 1M, 2 eden (2M), 1 survivor (1M), 3 old (3M), 0 humongous (0M), 4 free (4M)
}
Event: 0.246 {heap After GC invocations=2 (full 0):
 garbage-first heap   total reserved 1939456K, committed 10240K, used 2968K [0x0000000089a00000, 0x0000000100000000)
  region size 1M, 0 eden (0M), 1 survivor (1M), 4 old (4M), 0 humongous (0M), 5 free (5M)
}
Event: 0.308 {heap Before GC invocations=2 (full 0):
 garbage-first heap   total reserved 1939456K, committed 10240K, used 3992K [0x0000000089a00000, 0x0000000100000000)
  region size 1M, 2 eden (2M), 1 survivor (1M), 4 old (4M), 0 humongous (0M), 3 free (3M)
}

Metaspace Usage History (5 events):
Event: 0.167 {metaspace Before GC invocations=0 (full 0):
 Metaspace       used 3346K, committed 3456K, reserved 1114112K
  class space    used 420K, committed 448K, reserved 1048576K
}
Event: 0.169 {metaspace After GC invocations=1 (full 0):
 Metaspace       used 3346K, committed 3456K, reserved 1114112K
  class space    used 420K, committed 448K, reserved 1048576K
}
Event: 0.243 {metaspace Before GC invocations=1 (full 0):
 Metaspace       used 5743K, committed 5952K, reserved 1114112K
  class space    used 686K, committed 768K, reserved 1048576K
}
Event: 0.246 {metaspace After GC invocations=2 (full 0):
 Metaspace       used 5743K, committed 5952K, reserved 1114112K
  class space    used 686K, committed 768K, reserved 1048576K
}
Event: 0.308 {metaspace Before GC invocations=2 (full 0):
 Metaspace       used 7421K, committed 7616K, reserved 1114112K
  class space    used 887K, committed 960K, reserved 1048576K
}

Dll operation events (8 events):
Event: 0.007 Attempting to load shared library C:\Program Files\Java\jdk-26.0.1\bin\java.dll
Event: 0.009 Loaded shared library C:\Program Files\Java\jdk-26.0.1\bin\java.dll
Event: 0.060 Attempting to load shared library C:\Program Files\Java\jdk-26.0.1\bin\jimage.dll
Event: 0.060 Loaded shared library C:\Program Files\Java\jdk-26.0.1\bin\jimage.dll
Event: 0.061 Attempting to load shared library C:\Program Files\Java\jdk-26.0.1\bin\net.dll
Event: 0.061 Loaded shared library C:\Program Files\Java\jdk-26.0.1\bin\net.dll
Event: 0.063 Attempting to load shared library C:\Program Files\Java\jdk-26.0.1\bin\nio.dll
Event: 0.063 Loaded shared library C:\Program Files\Java\jdk-26.0.1\bin\nio.dll

Deoptimization events (20 events):
Event: 0.109 Thread 0x000001b54c69f6e0 Uncommon trap: trap_request=0xffffffc6 fr.pc=0x000001b55ce2da78 relative=0x0000000000000778
Event: 0.109 Thread 0x000001b54c69f6e0 Uncommon trap: reason=bimorphic_or_optimized_type_check action=maybe_recompile pc=0x000001b55ce2da78 method=java.util.HashMap.putVal(ILjava/lang/Object;Ljava/lang/Object;ZZ)Ljava/lang/Object; @ 56 c2
Event: 0.109 Thread 0x000001b54c69f6e0 DEOPT PACKING pc=0x000001b55ce2da78 sp=0x000000731d3fe380
Event: 0.109 Thread 0x000001b54c69f6e0 DEOPT UNPACKING pc=0x000001b55c9b1882 sp=0x000000731d3fe2d8 mode 2
Event: 0.109 Thread 0x000001b54c69f6e0 Uncommon trap: trap_request=0xffffffc6 fr.pc=0x000001b55ce2da78 relative=0x0000000000000778
Event: 0.109 Thread 0x000001b54c69f6e0 Uncommon trap: reason=bimorphic_or_optimized_type_check action=maybe_recompile pc=0x000001b55ce2da78 method=java.util.HashMap.putVal(ILjava/lang/Object;Ljava/lang/Object;ZZ)Ljava/lang/Object; @ 56 c2
Event: 0.109 Thread 0x000001b54c69f6e0 DEOPT PACKING pc=0x000001b55ce2da78 sp=0x000000731d3fe380
Event: 0.109 Thread 0x000001b54c69f6e0 DEOPT UNPACKING pc=0x000001b55c9b1882 sp=0x000000731d3fe2d8 mode 2
Event: 0.109 Thread 0x000001b54c69f6e0 Uncommon trap: trap_request=0xffffffc6 fr.pc=0x000001b55ce2da78 relative=0x0000000000000778
Event: 0.109 Thread 0x000001b54c69f6e0 Uncommon trap: reason=bimorphic_or_optimized_type_check action=maybe_recompile pc=0x000001b55ce2da78 method=java.util.HashMap.putVal(ILjava/lang/Object;Ljava/lang/Object;ZZ)Ljava/lang/Object; @ 56 c2
Event: 0.109 Thread 0x000001b54c69f6e0 DEOPT PACKING pc=0x000001b55ce2da78 sp=0x000000731d3fe380
Event: 0.109 Thread 0x000001b54c69f6e0 DEOPT UNPACKING pc=0x000001b55c9b1882 sp=0x000000731d3fe2d8 mode 2
Event: 0.262 Thread 0x000001b54c69f6e0 Uncommon trap: trap_request=0xffffff45 fr.pc=0x000001b55ce43728 relative=0x0000000000000128
Event: 0.262 Thread 0x000001b54c69f6e0 Uncommon trap: reason=unstable_if action=reinterpret pc=0x000001b55ce43728 method=java.lang.StringLatin1.lastIndexOf([BII)I @ 19 c2
Event: 0.262 Thread 0x000001b54c69f6e0 DEOPT PACKING pc=0x000001b55ce43728 sp=0x000000731d3fe500
Event: 0.262 Thread 0x000001b54c69f6e0 DEOPT UNPACKING pc=0x000001b55c9b1882 sp=0x000000731d3fe480 mode 2
Event: 0.298 Thread 0x000001b54c69f6e0 Uncommon trap: trap_request=0xffffff45 fr.pc=0x000001b55ce45a88 relative=0x0000000000000508
Event: 0.298 Thread 0x000001b54c69f6e0 Uncommon trap: reason=unstable_if action=reinterpret pc=0x000001b55ce45a88 method=java.lang.StringLatin1.replace([BCC)Ljava/lang/String; @ 19 c2
Event: 0.298 Thread 0x000001b54c69f6e0 DEOPT PACKING pc=0x000001b55ce45a88 sp=0x000000731d3feb30
Event: 0.298 Thread 0x000001b54c69f6e0 DEOPT UNPACKING pc=0x000001b55c9b1882 sp=0x000000731d3feab0 mode 2

Classes loaded (20 events):
Event: 0.281 Loading class java/security/Permission done
Event: 0.281 Loading class java/security/AllPermission done
Event: 0.281 Loading class java/security/AllPermissionCollection
Event: 0.281 Loading class java/security/AllPermissionCollection done
Event: 0.281 Loading class java/security/UnresolvedPermission
Event: 0.281 Loading class java/security/UnresolvedPermission done
Event: 0.282 Loading class jdk/internal/jrtfs/SystemImage$2
Event: 0.282 Loading class jdk/internal/jrtfs/SystemImage$2 done
Event: 0.282 Loading class jdk/internal/jrtfs/SystemImage$1
Event: 0.282 Loading class jdk/internal/jrtfs/SystemImage$1 done
Event: 0.298 Loading class java/net/URLClassLoader$1
Event: 0.298 Loading class java/net/URLClassLoader$1 done
Event: 0.298 Loading class jdk/internal/loader/URLClassPath$FileLoader
Event: 0.298 Loading class jdk/internal/loader/URLClassPath$FileLoader done
Event: 0.300 Loading class java/util/ServiceConfigurationError
Event: 0.300 Loading class java/util/ServiceConfigurationError done
Event: 0.300 Loading class java/lang/UnsupportedClassVersionError
Event: 0.300 Loading class java/lang/ClassFormatError
Event: 0.300 Loading class java/lang/ClassFormatError done
Event: 0.300 Loading class java/lang/UnsupportedClassVersionError done

Classes unloaded (0 events):
No events

Classes redefined (0 events):
No events

Internal exceptions (16 events):
Event: 0.079 Thread 0x000001b54c69f6e0 Exception <a 'java/lang/NoSuchMethodError'{0x000000008a08ab80}: 'void java.lang.invoke.DirectMethodHandle$Holder.invokeSpecial(java.lang.Object, java.lang.Object, java.lang.Object)'> (0x000000008a08ab80) 
thrown [s\open\src\hotspot\share\interpreter\linkResolver.cpp, line 804]
Event: 0.123 Thread 0x000001b54c69f6e0 Exception <a 'java/lang/NoSuchMethodError'{0x0000000089ff5c38}: 'int java.lang.invoke.DirectMethodHandle$Holder.invokeVirtual(java.lang.Object, java.lang.Object, java.lang.Object)'> (0x0000000089ff5c38) 
thrown [s\open\src\hotspot\share\interpreter\linkResolver.cpp, line 804]
Event: 0.124 Thread 0x000001b54c69f6e0 Exception <a 'java/lang/NoSuchMethodError'{0x0000000089e05b48}: 'void java.lang.invoke.DirectMethodHandle$Holder.invokeInterface(java.lang.Object, java.lang.Object, java.lang.Object)'> (0x0000000089e05b48) 
thrown [s\open\src\hotspot\share\interpreter\linkResolver.cpp, line 804]
Event: 0.127 Thread 0x000001b54c69f6e0 Exception <a 'java/lang/NoSuchMethodError'{0x0000000089e2b438}: 'java.lang.Object java.lang.invoke.DirectMethodHandle$Holder.invokeStaticInit(java.lang.Object)'> (0x0000000089e2b438) 
thrown [s\open\src\hotspot\share\interpreter\linkResolver.cpp, line 804]
Event: 0.186 Thread 0x000001b54c69f6e0 Exception <a 'java/lang/NoSuchMethodError'{0x000000008a136ef0}: 'int java.lang.invoke.DirectMethodHandle$Holder.invokeStaticInit(java.lang.Object, java.lang.Object)'> (0x000000008a136ef0) 
thrown [s\open\src\hotspot\share\interpreter\linkResolver.cpp, line 804]
Event: 0.202 Thread 0x000001b54c69f6e0 Exception <a 'java/lang/NoSuchMethodError'{0x000000008a17db08}: 'java.lang.Object java.lang.invoke.DirectMethodHandle$Holder.newInvokeSpecial(java.lang.Object, java.lang.Object, int)'> (0x000000008a17db08) 
thrown [s\open\src\hotspot\share\interpreter\linkResolver.cpp, line 804]
Event: 0.233 Thread 0x000001b54c69f6e0 Exception <a 'java/lang/NoSuchMethodError'{0x000000008a02ac20}: 'int java.lang.invoke.DirectMethodHandle$Holder.invokeVirtual(java.lang.Object, java.lang.Object)'> (0x000000008a02ac20) 
thrown [s\open\src\hotspot\share\interpreter\linkResolver.cpp, line 804]
Event: 0.237 Thread 0x000001b54c69f6e0 Exception <a 'java/lang/NoSuchMethodError'{0x000000008a095690}: 'java.lang.Object java.lang.invoke.DirectMethodHandle$Holder.newInvokeSpecial(java.lang.Object, java.lang.Object, java.lang.Object, java.lang.Object, java.lang.Object)'> (0x000000008a095690) 
thrown [s\open\src\hotspot\share\interpreter\linkResolver.cpp, line 804]
Event: 0.239 Thread 0x000001b54c69f6e0 Exception <a 'java/lang/NoSuchMethodError'{0x000000008a0b13a0}: 'java.lang.Object java.lang.invoke.DirectMethodHandle$Holder.newInvokeSpecial(java.lang.Object, java.lang.Object, java.lang.Object, java.lang.Object, java.lang.Object, java.lang.Object)'> (0x000000008a0b13a0) 
thrown [s\open\src\hotspot\share\interpreter\linkResolver.cpp, line 804]
Event: 0.242 Thread 0x000001b54c69f6e0 Exception <a 'java/lang/NoSuchMethodError'{0x000000008a0e3a28}: 'java.lang.Object java.lang.invoke.DirectMethodHandle$Holder.newInvokeSpecial(java.lang.Object, java.lang.Object, java.lang.Object, int)'> (0x000000008a0e3a28) 
thrown [s\open\src\hotspot\share\interpreter\linkResolver.cpp, line 804]
Event: 0.243 Thread 0x000001b54c69f6e0 Exception <a 'java/lang/NoSuchMethodError'{0x000000008a0ec9c8}: 'java.lang.Object java.lang.invoke.Invokers$Holder.linkToTargetMethod(java.lang.Object, java.lang.Object, int, java.lang.Object)'> (0x000000008a0ec9c8) 
thrown [s\open\src\hotspot\share\interpreter\linkResolver.cpp, line 804]
Event: 0.243 Thread 0x000001b54c69f6e0 Exception <a 'java/lang/NoSuchMethodError'{0x000000008a0f4d70}: 'java.lang.Object java.lang.invoke.DirectMethodHandle$Holder.invokeVirtual(java.lang.Object, java.lang.Object, java.lang.Object)'> (0x000000008a0f4d70) 
thrown [s\open\src\hotspot\share\interpreter\linkResolver.cpp, line 804]
Event: 0.253 Thread 0x000001b54c69f6e0 Exception <a 'java/lang/NoSuchMethodError'{0x000000008a1603d0}: 'java.lang.Object java.lang.invoke.Invokers$Holder.linkToTargetMethod(int, java.lang.Object, java.lang.Object, java.lang.Object, java.lang.Object)'> (0x000000008a1603d0) 
thrown [s\open\src\hotspot\share\interpreter\linkResolver.cpp, line 804]
Event: 0.254 Thread 0x000001b54c69f6e0 Exception <a 'java/lang/NoSuchMethodError'{0x000000008a17da90}: 'java.lang.Object java.lang.invoke.DirectMethodHandle$Holder.newInvokeSpecial(java.lang.Object, int, java.lang.Object)'> (0x000000008a17da90) 
thrown [s\open\src\hotspot\share\interpreter\linkResolver.cpp, line 804]
Event: 0.273 Thread 0x000001b54c69f6e0 Exception <a 'java/lang/NoSuchMethodError'{0x000000008a01f988}: 'int java.lang.invoke.DirectMethodHandle$Holder.invokeInterface(java.lang.Object, java.lang.Object)'> (0x000000008a01f988) 
thrown [s\open\src\hotspot\share\interpreter\linkResolver.cpp, line 804]
Event: 0.274 Thread 0x000001b54c69f6e0 Exception <a 'sun/nio/fs/WindowsException'{0x000000008a02f3b0}> (0x000000008a02f3b0) 
thrown [s\open\src\hotspot\share\prims\jni.cpp, line 514]

VM Operations (11 events):
Event: 0.109 Executing non-safepoint VM operation: HandshakeAllThreads (Deoptimize)
Event: 0.109 Executing non-safepoint VM operation: HandshakeAllThreads (Deoptimize) done
Event: 0.131 Executing non-safepoint VM operation: HandshakeAllThreads (Deoptimize)
Event: 0.131 Executing non-safepoint VM operation: HandshakeAllThreads (Deoptimize) done
Event: 0.167 Executing safepoint VM operation: G1CollectForAllocation (G1 Evacuation Pause)
Event: 0.169 Executing safepoint VM operation: G1CollectForAllocation (G1 Evacuation Pause) done
Event: 0.243 Executing safepoint VM operation: G1CollectForAllocation (G1 Evacuation Pause)
Event: 0.246 Executing safepoint VM operation: G1CollectForAllocation (G1 Evacuation Pause) done
Event: 0.277 Executing non-safepoint VM operation: HandshakeAllThreads (Deoptimize)
Event: 0.277 Executing non-safepoint VM operation: HandshakeAllThreads (Deoptimize) done
Event: 0.308 Executing safepoint VM operation: G1CollectForAllocation (G1 Evacuation Pause)

Memory protections (0 events):
No events

Nmethod flushes (0 events):
No events

Events (11 events):
Event: 0.024 Thread 0x000001b54c69f6e0 Thread added: 0x000001b54c69f6e0
Event: 0.035 Thread 0x000001b54c69f6e0 Thread added: 0x000001b569933f10
Event: 0.035 Thread 0x000001b54c69f6e0 Thread added: 0x000001b5699346c0
Event: 0.035 Thread 0x000001b54c69f6e0 Thread added: 0x000001b569948ea0
Event: 0.035 Thread 0x000001b54c69f6e0 Thread added: 0x000001b56994d670
Event: 0.035 Thread 0x000001b54c69f6e0 Thread added: 0x000001b56994de20
Event: 0.035 Thread 0x000001b54c69f6e0 Thread added: 0x000001b56994eea0
Event: 0.035 Thread 0x000001b54c69f6e0 Thread added: 0x000001b569977ac0
Event: 0.035 Thread 0x000001b54c69f6e0 Thread added: 0x000001b569979a70
Event: 0.057 Thread 0x000001b54c69f6e0 Thread added: 0x000001b569b57ce0
Event: 0.060 Thread 0x000001b54c69f6e0 Thread added: 0x000001b569b6aa20


Dynamic libraries:
0x00007ff730a70000 - 0x00007ff730a78000 	C:\Program Files\Java\jdk-26.0.1\bin\javac.exe
0x00007fff8f4e0000 - 0x00007fff8f746000 	C:\WINDOWS\SYSTEM32\ntdll.dll
0x00007fff8e680000 - 0x00007fff8e749000 	C:\WINDOWS\System32\KERNEL32.DLL
0x00007fff8ca20000 - 0x00007fff8ce1a000 	C:\WINDOWS\System32\KERNELBASE.dll
0x00007fff8ce20000 - 0x00007fff8cf6c000 	C:\WINDOWS\System32\ucrtbase.dll
0x00007fff867c0000 - 0x00007fff867de000 	C:\Program Files\Java\jdk-26.0.1\bin\VCRUNTIME140.dll
0x00007fff6b410000 - 0x00007fff6b427000 	C:\Program Files\Java\jdk-26.0.1\bin\jli.dll
0x00007fff8e3b0000 - 0x00007fff8e577000 	C:\WINDOWS\System32\USER32.dll
0x00007fff8d0e0000 - 0x00007fff8d107000 	C:\WINDOWS\System32\win32u.dll
0x00007fff8d250000 - 0x00007fff8d27b000 	C:\WINDOWS\System32\GDI32.dll
0x00007fff70690000 - 0x00007fff70922000 	C:\WINDOWS\WinSxS\amd64_microsoft.windows.common-controls_6595b64144ccf1df_6.0.26100.8521_none_3e08b75ce33403b3\COMCTL32.dll
0x00007fff8c8f0000 - 0x00007fff8ca1b000 	C:\WINDOWS\System32\gdi32full.dll
0x00007fff8cf70000 - 0x00007fff8d013000 	C:\WINDOWS\System32\msvcp_win.dll
0x00007fff8eaf0000 - 0x00007fff8eb99000 	C:\WINDOWS\System32\msvcrt.dll
0x00007fff8e580000 - 0x00007fff8e5b2000 	C:\WINDOWS\System32\IMM32.DLL
0x00007fff848c0000 - 0x00007fff848cc000 	C:\Program Files\Java\jdk-26.0.1\bin\vcruntime140_1.dll
0x00007fff5e2e0000 - 0x00007fff5e36d000 	C:\Program Files\Java\jdk-26.0.1\bin\msvcp140.dll
0x00007fff57a50000 - 0x00007fff5891e000 	C:\Program Files\Java\jdk-26.0.1\bin\server\jvm.dll
0x00007fff8eba0000 - 0x00007fff8ec56000 	C:\WINDOWS\System32\ADVAPI32.dll
0x00007fff8d840000 - 0x00007fff8d8ea000 	C:\WINDOWS\System32\sechost.dll
0x00007fff8d720000 - 0x00007fff8d838000 	C:\WINDOWS\System32\RPCRT4.dll
0x00007fff8d8f0000 - 0x00007fff8d970000 	C:\WINDOWS\System32\WS2_32.dll
0x00007fff8c5c0000 - 0x00007fff8c61e000 	C:\WINDOWS\SYSTEM32\POWRPROF.dll
0x00007fff81cb0000 - 0x00007fff81cbb000 	C:\WINDOWS\SYSTEM32\VERSION.dll
0x00007fff7e3f0000 - 0x00007fff7e426000 	C:\WINDOWS\SYSTEM32\WINMM.dll
0x00007fff8c5a0000 - 0x00007fff8c5b4000 	C:\WINDOWS\SYSTEM32\UMPDC.dll
0x00007fff8b4c0000 - 0x00007fff8b4db000 	C:\WINDOWS\SYSTEM32\kernel.appcore.dll
0x00007fff84890000 - 0x00007fff8489a000 	C:\Program Files\Java\jdk-26.0.1\bin\jimage.dll
0x00007fff89e20000 - 0x00007fff8a062000 	C:\WINDOWS\SYSTEM32\DBGHELP.DLL
0x00007fff8d280000 - 0x00007fff8d603000 	C:\WINDOWS\System32\combase.dll
0x00007fff8d610000 - 0x00007fff8d6e9000 	C:\WINDOWS\System32\OLEAUT32.dll
0x00007fff819c0000 - 0x00007fff819fb000 	C:\WINDOWS\SYSTEM32\dbgcore.DLL
0x00007fff8d1a0000 - 0x00007fff8d248000 	C:\WINDOWS\System32\bcryptPrimitives.dll
0x00007fff810c0000 - 0x00007fff810df000 	C:\Program Files\Java\jdk-26.0.1\bin\java.dll
0x00007fff8e7f0000 - 0x00007fff8e988000 	C:\WINDOWS\System32\ole32.dll
0x00007fff8dc00000 - 0x00007fff8e384000 	C:\WINDOWS\System32\SHELL32.dll
0x00007fff8a2f0000 - 0x00007fff8ab70000 	C:\WINDOWS\SYSTEM32\windows.storage.dll
0x00007fff8eeb0000 - 0x00007fff8efa6000 	C:\WINDOWS\System32\SHCORE.dll
0x00007fff8da00000 - 0x00007fff8da67000 	C:\WINDOWS\System32\shlwapi.dll
0x00007fff8c690000 - 0x00007fff8c6b9000 	C:\WINDOWS\SYSTEM32\profapi.dll
0x00007fff7f790000 - 0x00007fff7f7a2000 	C:\Program Files\Java\jdk-26.0.1\bin\net.dll
0x00007fff8ba10000 - 0x00007fff8ba7c000 	C:\WINDOWS\system32\mswsock.dll
0x00007fff7dd50000 - 0x00007fff7dd66000 	C:\Program Files\Java\jdk-26.0.1\bin\nio.dll

JVMTI agents: none

dbghelp: loaded successfully - version: 4.0.5 - missing functions: none
symbol engine: initialized successfully - sym options: 0x614 - pdb path: .;C:\Program Files\Java\jdk-26.0.1\bin;C:\WINDOWS\SYSTEM32;C:\WINDOWS\WinSxS\amd64_microsoft.windows.common-controls_6595b64144ccf1df_6.0.26100.8521_none_3e08b75ce33403b3;C:\Program Files\Java\jdk-26.0.1\bin\server

VM Arguments:
jvm_args: -Dapplication.home=C:\Program Files\Java\jdk-26.0.1 --add-modules=ALL-DEFAULT -Xms8m -Djdk.module.main=jdk.compiler 
java_command: jdk.compiler/com.sun.tools.javac.Main items.java
java_class_path (initial): <not set>
Launcher Type: SUN_STANDARD

[Global flags]
     bool AOTAdapterCaching                        = false                                  {diagnostic} {ergonomic}
     bool AOTInvokeDynamicLinking                  = false                                  {diagnostic} {ergonomic}
     bool AOTRecordTraining                        = false                                  {diagnostic} {ergonomic}
     bool AOTReplayTraining                        = false                                  {diagnostic} {ergonomic}
     bool AOTStubCaching                           = false                                  {diagnostic} {ergonomic}
     intx CICompilerCount                          = 4                                         {product} {ergonomic}
     uint ConcGCThreads                            = 2                                         {product} {ergonomic}
     uint G1ConcRefinementThreads                  = 8                                         {product} {ergonomic}
     uint G1EagerReclaimRemSetThreshold            = 10                                   {experimental} {ergonomic}
   size_t G1HeapRegionSize                         = 1048576                                   {product} {ergonomic}
     uint G1RemSetArrayOfCardsEntries              = 10                                   {experimental} {ergonomic}
     uint G1RemSetHowlMaxNumBuckets                = 8                                    {experimental} {ergonomic}
     uint G1RemSetHowlNumBuckets                   = 4                                    {experimental} {ergonomic}
   size_t InitialHeapSize                          = 8388608                                   {product} {command line}
     bool IntelJccErratumMitigation                = false                             {ARCH diagnostic} {ergonomic}
   size_t MarkStackSize                            = 4194304                                   {product} {ergonomic}
   size_t MarkStackSizeMax                         = 536870912                                 {product} {ergonomic}
   size_t MaxHeapSize                              = 1986002944                                {product} {ergonomic}
   size_t MaxNewSize                               = 1191182336                                {product} {ergonomic}
 uint64_t MaxRAM                                   = 7941263360                                {product} {ergonomic}
   size_t MinHeapDeltaBytes                        = 1048576                                   {product} {ergonomic}
   size_t MinHeapSize                              = 8388608                                   {product} {command line}
   size_t NonNMethodCodeHeapSize                   = 5898240                                {pd product} {ergonomic}
   size_t NonProfiledCodeHeapSize                  = 122945536                              {pd product} {ergonomic}
   size_t ProfiledCodeHeapSize                     = 122945536                              {pd product} {ergonomic}
   size_t ReservedCodeCacheSize                    = 251789312                              {pd product} {ergonomic}
     bool SegmentedCodeCache                       = true                                      {product} {ergonomic}
   size_t SoftMaxHeapSize                          = 1986002944                             {manageable} {ergonomic}
     bool UseCompressedOops                        = true                           {product lp64_product} {ergonomic}
     bool UseCondCardMark                          = true                                      {product} {ergonomic}
     bool UseFastUnorderedTimeStamps               = true                                 {experimental} {ergonomic}
     bool UseG1GC                                  = true                                      {product} {ergonomic}
     bool UseLargePagesIndividualAllocation        = false                                  {pd product} {ergonomic}
      int X86ICacheSync                            = 3                                 {ARCH diagnostic} {ergonomic}

Logging:
Log output configuration:
 #0: stdout all=warning uptime,level,tags foldmultilines=false
 #1: stderr all=off uptime,level,tags foldmultilines=false

Release file:
IMPLEMENTOR="Oracle Corporation" 
JAVA_RUNTIME_VERSION="26.0.1+8-34" 
JAVA_VERSION="26.0.1" 
JAVA_VERSION_DATE="2026-04-21" 
LIBC="default" 
MODULES="java.base java.compiler java.datatransfer java.xml java.prefs java.desktop java.instrument java.logging java.management java.security.sasl java.naming java.rmi java.management.rmi java.net.http java.scripting java.security.jgss java.transaction.xa java.sql java.sql.rowset java.xml.crypto java.se java.smartcardio jdk.accessibility jdk.internal.jvmstat jdk.attach jdk.charsets jdk.internal.opt jdk.zipfs jdk.compiler jdk.crypto.cryptoki jdk.crypto.ec jdk.crypto.mscapi jdk.dynalink jdk.internal.ed jdk.editpad jdk.internal.vm.ci jdk.graal.compiler jdk.graal.compiler.management jdk.hotspot.agent jdk.httpserver jdk.incubator.vector jdk.internal.le jdk.internal.md jdk.jartool jdk.javadoc jdk.jcmd jdk.management jdk.management.agent jdk.jconsole jdk.jdeps jdk.jdwp.agent jdk.jdi jdk.jfr jdk.jlink jdk.jpackage jdk.jshell jdk.jstatd jdk.localedata jdk.management.jfr jdk.naming.dns jdk.naming.rmi jdk.net jdk.nio.mapmode jdk.sctp jdk.security.auth jdk.security.jgss jdk.unsupported jdk.unsupported.desktop jdk.xml.dom" 
OS_ARCH="x86_64" 
OS_NAME="Windows" 
SOURCE=".:git:8fcde8268d22 open:git:fcc00fc4aee7" 

Environment Variables:
PATH=C:\Program Files\Common Files\Oracle\Java\javapath;C:\WINDOWS\system32;C:\WINDOWS;C:\WINDOWS\System32\Wbem;C:\WINDOWS\System32\WindowsPowerShell\v1.0\;C:\WINDOWS\System32\OpenSSH\;C:\Users\ADMIN\AppData\Local\Microsoft\WindowsApps;C:\Users\ADMIN\AppData\Local\Programs\Microsoft VS Code\bin
USERNAME=ADMIN
LANG=en_US.UTF-8
OS=Windows_NT
PROCESSOR_IDENTIFIER=Intel64 Family 6 Model 140 Stepping 1, GenuineIntel
TMP=C:\Users\ADMIN\AppData\Local\Temp
TEMP=C:\Users\ADMIN\AppData\Local\Temp




Compilation memory statistics disabled.

Periodic native trim disabled

---------------  S Y S T E M  ---------------

OS:
 Windows 11 , 64 bit Build 26100 (10.0.26100.8521)
OS uptime: 0 days 16:48 hours
Hyper-V role detected

CPU: total 8 (initial active 8) (4 cores per cpu, 2 threads per core) family 6 model 140 stepping 1 microcode 0xbe, cx8, cmov, fxsr, ht, mmx, 3dnowpref, sse, sse2, sse3, ssse3, sse4.1, sse4.2, popcnt, lzcnt, tsc, tscinvbit, avx, avx2, aes, erms, clmul, bmi1, bmi2, adx, avx512f, avx512dq, avx512cd, avx512bw, avx512vl, sha, fma, vzeroupper, avx512_vpopcntdq, avx512_vpclmulqdq, avx512_vaes, avx512_vnni, clflush, clflushopt, clwb, avx512_vbmi2, avx512_vbmi, hv, rdtscp, rdpid, fsrm, gfni, avx512_bitalg, f16c, cet_ibt, cet_ss, avx512_ifma
Processor Information for processor 0
  Max Mhz: 1498, Current Mhz: 1198, Mhz Limit: 1498
Processor Information for processor 1
  Max Mhz: 1498, Current Mhz: 1198, Mhz Limit: 1498
Processor Information for processor 2
  Max Mhz: 1498, Current Mhz: 1498, Mhz Limit: 1498
Processor Information for processor 3
  Max Mhz: 1498, Current Mhz: 1498, Mhz Limit: 1498
Processor Information for processor 4
  Max Mhz: 1498, Current Mhz: 1198, Mhz Limit: 1498
Processor Information for processor 5
  Max Mhz: 1498, Current Mhz: 1498, Mhz Limit: 1498
Processor Information for processor 6
  Max Mhz: 1498, Current Mhz: 1198, Mhz Limit: 1498
Processor Information for processor 7
  Max Mhz: 1498, Current Mhz: 1198, Mhz Limit: 1498

Memory: 4k page, system-wide physical 7573M (1149M free)
TotalPageFile size 8085M (AvailPageFile size 7M)
current process WorkingSet (physical memory assigned to process): 72M, peak: 72M
current process commit charge ("private bytes"): 106M, peak: 120M

vm_info: Java HotSpot(TM) 64-Bit Server VM (26.0.1+8-34) for windows-amd64 JRE (26.0.1+8-34), built on 2026-03-10T17:24:10Z with MS VC++ 17.13 (VS2022)

END.
