#
# There is insufficient memory for the Java Runtime Environment to continue.
# Native memory allocation (malloc) failed to allocate 2626456 bytes. Error detail: Chunk::new
# Possible reasons:
#   The system is out of physical RAM or swap space
#   This process is running with CompressedOops enabled, and the Java Heap may be blocking the growth of the native heap
# Possible solutions:
#   Reduce memory load on the system
#   Increase physical memory or swap space
#   Check if swap backing store is full
#   Decrease Java heap size (-Xmx/-Xms)
#   Decrease number of Java threads
#   Decrease Java thread stack sizes (-Xss)
#   Set larger code cache with -XX:ReservedCodeCacheSize=
#   JVM is running with Unscaled Compressed Oops mode in which the Java heap is
#     placed in the first 4GB address space. The Java Heap base address is the
#     maximum limit for the native heap growth. Please use -XX:HeapBaseMinAddress
#     to set the Java Heap base and to place the Java Heap above 4GB virtual address.
# This output file may be truncated or incomplete.
#
#  Out of Memory Error (arena.cpp:193), pid=7124, tid=6956
#
# JRE version: Java(TM) SE Runtime Environment (26.0.1+8) (build 26.0.1+8-34)
# Java VM: Java HotSpot(TM) 64-Bit Server VM (26.0.1+8-34, mixed mode, sharing, tiered, compressed oops, compressed class ptrs, g1 gc, windows-amd64)
# No core dump will be written. Minidumps are not enabled by default on client versions of Windows
#

---------------  S U M M A R Y ------------

Command Line: -Dapplication.home=C:\Program Files\Java\jdk-26.0.1 --add-modules=ALL-DEFAULT -Xms8m -Djdk.module.main=jdk.compiler jdk.compiler/com.sun.tools.javac.Main items.java

Host: 11th Gen Intel(R) Core(TM) i5-1145G7 @ 2.60GHz, 8 cores, 7G,  Windows 11 , 64 bit Build 26100 (10.0.26100.8521)
Time: Thu Jul  2 13:14:28 2026 India Standard Time elapsed time: 0.408780 seconds (0d 0h 0m 0s)

---------------  T H R E A D  ---------------

Current thread (0x00000131ff9980d0):  JavaThread "C2 CompilerThread1" daemon [_thread_in_native, id=6956, stack(0x00000023b6c00000,0x00000023b6d00000) (1024K)]


Current CompileTask:
C2:408 1038       4       jdk.internal.jimage.ImageStringsReader::stringFromByteBuffer (73 bytes)

Stack: [0x00000023b6c00000,0x00000023b6d00000]
Native frames: (J=compiled Java code, j=interpreted, Vv=VM code, C=native code)
V  [jvm.dll+0x7d5879]  (no source info available)
V  [jvm.dll+0x7a37dd]  (no source info available)
V  [jvm.dll+0x9b0c10]  (no source info available)
V  [jvm.dll+0x9b3061]  (no source info available)
V  [jvm.dll+0x9b3773]  (no source info available)
V  [jvm.dll+0x30df76]  (no source info available)
V  [jvm.dll+0x11d8a6]  (no source info available)
V  [jvm.dll+0x11dbce]  (no source info available)
V  [jvm.dll+0x1afbe6]  (no source info available)
V  [jvm.dll+0x3ca822]  (no source info available)
V  [jvm.dll+0x7de462]  (no source info available)
V  [jvm.dll+0x2d1647]  (no source info available)
V  [jvm.dll+0x2d05bf]  (no source info available)
V  [jvm.dll+0x246820]  (no source info available)
V  [jvm.dll+0x2e06dc]  (no source info available)
V  [jvm.dll+0x2de8bd]  (no source info available)
V  [jvm.dll+0x4a3ff1]  (no source info available)
V  [jvm.dll+0x94f649]  (no source info available)
V  [jvm.dll+0x7d7358]  (no source info available)
C  [ucrtbase.dll+0x2cd30]  (no source info available)
C  [KERNEL32.DLL+0x2e957]  (no source info available)
C  [ntdll.dll+0x87c1c]  (no source info available)

Lock stack of current Java thread (top to bottom):


---------------  P R O C E S S  ---------------

Threads class SMR info:
_java_thread_list=0x00000131ffa06dc0, length=13, elements={
0x00000131e15fe3e0, 0x00000131fec46020, 0x00000131fec46a70, 0x00000131fec4c7a0,
0x00000131fec4f360, 0x00000131fec4ff10, 0x00000131fec60b00, 0x00000131fec97580,
0x00000131fec9edb0, 0x00000131fee82550, 0x00000131fee89b40, 0x00000131ff9980d0,
0x00000131ffa083d0
}

Java Threads: ( => current thread )
  0x00000131e15fe3e0 JavaThread "main"                              [_thread_in_vm, id=3220, stack(0x00000023b5700000,0x00000023b5800000) (1024K)]
  0x00000131fec46020 JavaThread "Reference Handler"          daemon [_thread_blocked, id=13292, stack(0x00000023b6000000,0x00000023b6100000) (1024K)]
  0x00000131fec46a70 JavaThread "Finalizer"                  daemon [_thread_blocked, id=10852, stack(0x00000023b6100000,0x00000023b6200000) (1024K)]
  0x00000131fec4c7a0 JavaThread "Signal Dispatcher"          daemon [_thread_blocked, id=6552, stack(0x00000023b6200000,0x00000023b6300000) (1024K)]
  0x00000131fec4f360 JavaThread "Attach Listener"            daemon [_thread_blocked, id=15728, stack(0x00000023b6300000,0x00000023b6400000) (1024K)]
  0x00000131fec4ff10 JavaThread "Service Thread"             daemon [_thread_blocked, id=2736, stack(0x00000023b6400000,0x00000023b6500000) (1024K)]
  0x00000131fec60b00 JavaThread "Monitor Deflation Thread"   daemon [_thread_blocked, id=14444, stack(0x00000023b6500000,0x00000023b6600000) (1024K)]
  0x00000131fec97580 JavaThread "C2 CompilerThread0"         daemon [_thread_in_native, id=12884, stack(0x00000023b6600000,0x00000023b6700000) (1024K)]
  0x00000131fec9edb0 JavaThread "C1 CompilerThread0"         daemon [_thread_blocked, id=5392, stack(0x00000023b6700000,0x00000023b6800000) (1024K)]
  0x00000131fee82550 JavaThread "Notification Thread"        daemon [_thread_blocked, id=13344, stack(0x00000023b6800000,0x00000023b6900000) (1024K)]
  0x00000131fee89b40 JavaThread "Common-Cleaner"             daemon [_thread_blocked, id=4684, stack(0x00000023b6900000,0x00000023b6a00000) (1024K)]
=>0x00000131ff9980d0 JavaThread "C2 CompilerThread1"         daemon [_thread_in_native, id=6956, stack(0x00000023b6c00000,0x00000023b6d00000) (1024K)]
  0x00000131ffa083d0 JavaThread "C2 CompilerThread2"         daemon [_thread_in_native, id=12196, stack(0x00000023b6d00000,0x00000023b6e00000) (1024K)]
Total: 13

Other Threads:
  0x00000131e3a8a330 VMThread "VM Thread"                           [id=3704, stack(0x00000023b5f00000,0x00000023b6000000) (1024K)]
  0x00000131fec3d990 WatcherThread "VM Periodic Task Thread"        [id=8648, stack(0x00000023b5e00000,0x00000023b5f00000) (1024K)]
  0x00000131e3a082a0 WorkerThread "GC Thread#0"                     [id=15660, stack(0x00000023b5800000,0x00000023b5900000) (1024K)]
  0x00000131ff855d40 WorkerThread "GC Thread#1"                     [id=2040, stack(0x00000023b6a00000,0x00000023b6b00000) (1024K)]
  0x00000131ff909390 WorkerThread "GC Thread#2"                     [id=15904, stack(0x00000023b6b00000,0x00000023b6c00000) (1024K)]
  0x00000131e3a20490 ConcurrentGCThread "G1 Main Marker"            [id=14104, stack(0x00000023b5900000,0x00000023b5a00000) (1024K)]
  0x00000131e3a20e10 WorkerThread "G1 Conc#0"                       [id=12036, stack(0x00000023b5a00000,0x00000023b5b00000) (1024K)]
  0x00000131e3a6b240 WorkerThread "G1 Refinement Workers#0"         [id=2156, stack(0x00000023b5c00000,0x00000023b5d00000) (1024K)]
  0x00000131e3a69870 ConcurrentGCThread "G1 Refine Control"         [id=15900, stack(0x00000023b5b00000,0x00000023b5c00000) (1024K)]
  0x00000131e3a6bbb0 ConcurrentGCThread "G1 Service"                [id=4072, stack(0x00000023b5d00000,0x00000023b5e00000) (1024K)]
Total: 10

Threads with active compile tasks:
C2 CompilerThread0  442 1097       4       java.lang.StringLatin1::replace (197 bytes)
C2 CompilerThread1  442 1038       4       jdk.internal.jimage.ImageStringsReader::stringFromByteBuffer (73 bytes)
C2 CompilerThread2  442 1185       4       java.lang.StringLatin1::indexOf (121 bytes)
Total: 3

VM state: not at safepoint (normal execution)

VM Mutex/Monitor currently owned by a thread: None

Heap address: 0x0000000089a00000, size: 1894 MB, Compressed Oops mode: 32-bit

CDS archive(s) mapped at: [0x000000003c000000-0x000000003cde0000-0x000000003cde0000), size 14548992, SharedBaseAddress: 0x000000003c000000, ArchiveRelocationMode: 1.
Compressed class space mapped at: 0x000000003d000000-0x000000007d000000, reserved size: 1073741824
UseCompressedClassPointers 1, UseCompactObjectHeaders 0
Narrow klass pointer bits 32, Max shift 3
Narrow klass base: 0x000000003c000000, Narrow klass shift: 0
Encoding Range: [0x000000003c000000 - 0x000000013c000000), (4294967296 bytes)
Klass Range:    [0x000000003c000000 - 0x000000007d000000), (1090519040 bytes)
Klass ID Range:  [8 - 1090519033) (1090519025)
Protection zone: [0x000000003c000000 - 0x000000003c010000), (65536 bytes)

GC Precious Log:
 CardTable entry size: 512
 Card Set container configuration: InlinePtr #cards 5 size 8 Array Of Cards #cards 10 size 36 Howl #buckets 4 coarsen threshold 1843 Howl Bitmap #cards 512 size 80 coarsen threshold 460 Card regions per heap region 1 cards per card region 2048
 CPUs: 8 total, 8 available
 Memory: 7573M
 Large Page Support: Disabled
 NUMA Support: Disabled
 Compressed Oops: Enabled (32-bit)
 Heap Region Size: 1M
 Heap Min Capacity: 8M
 Heap Initial Capacity: 8M
 Heap Max Capacity: 1894M
 Pre-touch: Disabled
 Parallel Workers: 8
 Concurrent Workers: 2
 Concurrent Refinement Workers: 8
 Periodic GC: Disabled

Heap:
 garbage-first heap   total reserved 1939456K, committed 29696K, used 11577K [0x0000000089a00000, 0x0000000100000000)
  region size 1M, 9 eden (9M), 1 survivor (1M), 4 old (4M), 0 humongous (0M), 15 free (15M)

Heap Regions: E=young(eden), S=young(survivor), O=old, HS=humongous(starts), HC=humongous(continues), CS=collection set, F=free, TAMS=top-at-mark-start, PB=parsable bottom
|    0|0x0000000089a00000, 0x0000000089b00000, 0x0000000089b00000|100%| O|  |TAMS 0x0000000089a00000| PB 0x0000000089a00000| Untracked |  0
|    1|0x0000000089b00000, 0x0000000089b29500, 0x0000000089c00000| 16%| O|  |TAMS 0x0000000089b00000| PB 0x0000000089b00000| Untracked |  0
|    2|0x0000000089c00000, 0x0000000089c00000, 0x0000000089d00000|  0%| F|  |TAMS 0x0000000089c00000| PB 0x0000000089c00000| Untracked |  0
|    3|0x0000000089d00000, 0x0000000089d00000, 0x0000000089e00000|  0%| F|  |TAMS 0x0000000089d00000| PB 0x0000000089d00000| Untracked |  0
|    4|0x0000000089e00000, 0x0000000089efc3c0, 0x0000000089f00000| 98%| S|CS|TAMS 0x0000000089e00000| PB 0x0000000089e00000| Complete  |  0
|    5|0x0000000089f00000, 0x0000000089f00000, 0x000000008a000000|  0%| F|  |TAMS 0x0000000089f00000| PB 0x0000000089f00000| Untracked |  0
|    6|0x000000008a000000, 0x000000008a000000, 0x000000008a100000|  0%| F|  |TAMS 0x000000008a000000| PB 0x000000008a000000| Untracked |  0
|    7|0x000000008a100000, 0x000000008a100000, 0x000000008a200000|  0%| F|  |TAMS 0x000000008a100000| PB 0x000000008a100000| Untracked |  0
|    8|0x000000008a200000, 0x000000008a200000, 0x000000008a300000|  0%| F|  |TAMS 0x000000008a200000| PB 0x000000008a200000| Untracked |  0
|    9|0x000000008a300000, 0x000000008a300000, 0x000000008a400000|  0%| F|  |TAMS 0x000000008a300000| PB 0x000000008a300000| Untracked |  0
|   10|0x000000008a400000, 0x000000008a400000, 0x000000008a500000|  0%| F|  |TAMS 0x000000008a400000| PB 0x000000008a400000| Untracked |  0
|   11|0x000000008a500000, 0x000000008a500000, 0x000000008a600000|  0%| F|  |TAMS 0x000000008a500000| PB 0x000000008a500000| Untracked |  0
|   12|0x000000008a600000, 0x000000008a600000, 0x000000008a700000|  0%| F|  |TAMS 0x000000008a600000| PB 0x000000008a600000| Untracked |  0
|   13|0x000000008a700000, 0x000000008a700000, 0x000000008a800000|  0%| F|  |TAMS 0x000000008a700000| PB 0x000000008a700000| Untracked |  0
|   14|0x000000008a800000, 0x000000008a800000, 0x000000008a900000|  0%| F|  |TAMS 0x000000008a800000| PB 0x000000008a800000| Untracked |  0
|   15|0x000000008a900000, 0x000000008a900000, 0x000000008aa00000|  0%| F|  |TAMS 0x000000008a900000| PB 0x000000008a900000| Untracked |  0
|   16|0x000000008aa00000, 0x000000008aa00000, 0x000000008ab00000|  0%| F|  |TAMS 0x000000008aa00000| PB 0x000000008aa00000| Untracked |  0
|   17|0x000000008ab00000, 0x000000008ab00000, 0x000000008ac00000|  0%| F|  |TAMS 0x000000008ab00000| PB 0x000000008ab00000| Untracked |  0
|   18|0x000000008ac00000, 0x000000008ac222a0, 0x000000008ad00000| 13%| E|CS|TAMS 0x000000008ac00000| PB 0x000000008ac00000| Complete  |  0
|   19|0x000000008ad00000, 0x000000008ae00000, 0x000000008ae00000|100%| E|CS|TAMS 0x000000008ad00000| PB 0x000000008ad00000| Complete  |  0
|   20|0x000000008ae00000, 0x000000008af00000, 0x000000008af00000|100%| E|CS|TAMS 0x000000008ae00000| PB 0x000000008ae00000| Complete  |  0
|   21|0x000000008af00000, 0x000000008b000000, 0x000000008b000000|100%| E|CS|TAMS 0x000000008af00000| PB 0x000000008af00000| Complete  |  0
|   22|0x000000008b000000, 0x000000008b100000, 0x000000008b100000|100%| E|CS|TAMS 0x000000008b000000| PB 0x000000008b000000| Complete  |  0
|   23|0x000000008b100000, 0x000000008b200000, 0x000000008b200000|100%| E|CS|TAMS 0x000000008b100000| PB 0x000000008b100000| Complete  |  0
|   24|0x000000008b200000, 0x000000008b300000, 0x000000008b300000|100%| E|CS|TAMS 0x000000008b200000| PB 0x000000008b200000| Complete  |  0
|   25|0x000000008b300000, 0x000000008b400000, 0x000000008b400000|100%| E|CS|TAMS 0x000000008b300000| PB 0x000000008b300000| Complete  |  0
|   26|0x000000008b400000, 0x000000008b500000, 0x000000008b500000|100%| E|CS|TAMS 0x000000008b400000| PB 0x000000008b400000| Complete  |  0
| 1892|0x00000000ffe00000, 0x00000000fff00000, 0x00000000fff00000|100%| O|  |TAMS 0x00000000ffe00000| PB 0x00000000ffe00000| Untracked |  0
| 1893|0x00000000fff00000, 0x00000000fff28d80, 0x0000000100000000| 15%| O|  |TAMS 0x00000000fff00000| PB 0x00000000fff00000| Untracked |  0

Card table byte_map: [0x00000131fc140000,0x00000131fc500000] _byte_map_base: 0x00000131fbcf3000
Refinement table byte_map: [0x00000131fbd80000,0x00000131fc140000] _byte_map_base: 0x00000131fb933000

Marking Bits: (CMBitMap*) 0x00000131e3a09830
 Bits: [0x00000131fc500000, 0x00000131fe298000)

Polling page: 0x00000131e1800000

Metaspace:
Metaspace        used 8560K, committed 8768K, reserved 1114112K
 class space     used 1016K, committed 1088K, reserved 1048576K

Usage:
  Non-class:      7.37 MB used.
      Class:   1016.14 KB used.
       Both:      8.36 MB used.

Virtual space:
  Non-class space:       64.00 MB reserved,       7.50 MB ( 12%) committed,  1 nodes.
      Class space:        1.00 GB reserved,       1.06 MB ( <1%) committed,  1 nodes.
             Both:        1.06 GB reserved,       8.56 MB ( <1%) committed. 

Chunk freelists:
   Non-Class:  5.98 MB
       Class:  14.83 MB
        Both:  20.81 MB

MaxMetaspaceSize: unlimited
CompressedClassSpaceSize: 1.00 GB
Initial GC threshold: 21.00 MB
Current GC threshold: 21.00 MB
CDS: on
 - commit_granule_bytes: 65536.
 - commit_granule_words: 8192.
 - virtual_space_node_default_size: 8388608.
 - enlarge_chunks_in_place: 1.
UseCompressedClassPointers 1, UseCompactObjectHeaders 0
Narrow klass pointer bits 32, Max shift 3
Narrow klass base: 0x000000003c000000, Narrow klass shift: 0
Encoding Range: [0x000000003c000000 - 0x000000013c000000), (4294967296 bytes)
Klass Range:    [0x000000003c000000 - 0x000000007d000000), (1090519040 bytes)
Klass ID Range:  [8 - 1090519033) (1090519025)
Protection zone: [0x000000003c000000 - 0x000000003c010000), (65536 bytes)


Internal statistics:

num_allocs_failed_limit: 0.
num_arena_births: 84.
num_arena_deaths: 0.
num_vsnodes_births: 2.
num_vsnodes_deaths: 0.
num_space_committed: 137.
num_space_uncommitted: 0.
num_chunks_returned_to_freelist: 0.
num_chunks_taken_from_freelist: 389.
num_chunk_merges: 0.
num_chunk_splits: 268.
num_chunks_enlarged: 210.
num_inconsistent_stats: 0.

CodeHeap 'non-profiled nmethods': size=120064Kb used=324Kb max_used=324Kb free=119740Kb
 bounds [0x00000131f4150000, 0x00000131f43c0000, 0x00000131fb690000]
CodeHeap 'profiled nmethods': size=120064Kb used=1663Kb max_used=1663Kb free=118400Kb
 bounds [0x00000131ec670000, 0x00000131ec8e0000, 0x00000131f3bb0000]
CodeHeap 'non-nmethods': size=5760Kb used=1465Kb max_used=1465Kb free=4294Kb
 bounds [0x00000131f3bb0000, 0x00000131f3e20000, 0x00000131f4150000]
CodeCache: size=245888Kb, used=3452Kb, max_used=3452Kb, free=242434Kb
 total_blobs=1702, nmethods=1245, adapters=359, full_count=0
Compilation: enabled, stopped_count=0, restarted_count=0

Compilation events (20 events):
Event: 0.400 Thread 0x00000131fec9edb0 1125       3       java.util.regex.Pattern$Bound::check (168 bytes)
Event: 0.400 Thread 0x00000131ffa083d0 nmethod 1084 0x00000131f419c708 code [0x00000131f419c800, 0x00000131f419cad0]
Event: 0.400 Thread 0x00000131ffa083d0 1131       4       java.lang.String::substring (58 bytes)
Event: 0.401 Thread 0x00000131fec9edb0 nmethod 1125 0x00000131ec7dc388 code [0x00000131ec7dc480, 0x00000131ec7de258]
Event: 0.401 Thread 0x00000131fec9edb0 1126       3       java.util.regex.Pattern$Bound::isWord (29 bytes)
Event: 0.402 Thread 0x00000131fec9edb0 nmethod 1126 0x00000131ec7de288 code [0x00000131ec7de380, 0x00000131ec7dedd0]
Event: 0.402 Thread 0x00000131fec9edb0 1127       3       java.util.regex.CharPredicates::ASCII_WORD (6 bytes)
Event: 0.402 Thread 0x00000131fec9edb0 nmethod 1127 0x00000131ec7dee08 code [0x00000131ec7def00, 0x00000131ec7df098]
Event: 0.402 Thread 0x00000131fec9edb0 1128       3       java.util.regex.CharPredicates$$Lambda/0x000000003d018fe0::is (5 bytes)
Event: 0.402 Thread 0x00000131fec9edb0 nmethod 1128 0x00000131ec7df108 code [0x00000131ec7df200, 0x00000131ec7df5b8]
Event: 0.402 Thread 0x00000131fec9edb0 1129       3       java.util.regex.CharPredicates::lambda$ASCII_WORD$0 (20 bytes)
Event: 0.402 Thread 0x00000131fec9edb0 nmethod 1129 0x00000131ec7df608 code [0x00000131ec7df700, 0x00000131ec7dfa30]
Event: 0.402 Thread 0x00000131fec9edb0 1132       3       java.util.regex.ASCII::isWord (7 bytes)
Event: 0.402 Thread 0x00000131fec9edb0 nmethod 1132 0x00000131ec7dfa88 code [0x00000131ec7dfb80, 0x00000131ec7dfdd8]
Event: 0.402 Thread 0x00000131fec9edb0 1133       3       java.util.regex.Pattern$Slice::match (79 bytes)
Event: 0.403 Thread 0x00000131fec9edb0 nmethod 1133 0x00000131ec7dfe08 code [0x00000131ec7dff00, 0x00000131ec7e0360]
Event: 0.403 Thread 0x00000131fec9edb0 1134       3       com.sun.tools.javac.file.Locations$ModuleLocationHandler::getPaths (8 bytes)
Event: 0.403 Thread 0x00000131fec9edb0 nmethod 1134 0x00000131ec7e0388 code [0x00000131ec7e0480, 0x00000131ec7e0958]
Event: 0.403 Thread 0x00000131fec9edb0 1122       3       com.sun.tools.javac.code.Symtab$$Lambda/0x000000003d0ee680::<init> (10 bytes)
Event: 0.403 Thread 0x00000131fec9edb0 nmethod 1122 0x00000131ec7e0988 code [0x00000131ec7e0a80, 0x00000131ec7e0c28]

GC Heap Usage History (6 events):
Event: 0.172 {heap Before GC invocations=0 (full 0):
 garbage-first heap   total reserved 1939456K, committed 10240K, used 5283K [0x0000000089a00000, 0x0000000100000000)
  region size 1M, 4 eden (4M), 0 survivor (0M), 2 old (2M), 0 humongous (0M), 4 free (4M)
}
Event: 0.175 {heap After GC invocations=1 (full 0):
 garbage-first heap   total reserved 1939456K, committed 10240K, used 2339K [0x0000000089a00000, 0x0000000100000000)
  region size 1M, 0 eden (0M), 1 survivor (1M), 3 old (3M), 0 humongous (0M), 6 free (6M)
}
Event: 0.246 {heap Before GC invocations=1 (full 0):
 garbage-first heap   total reserved 1939456K, committed 10240K, used 3363K [0x0000000089a00000, 0x0000000100000000)
  region size 1M, 2 eden (2M), 1 survivor (1M), 3 old (3M), 0 humongous (0M), 4 free (4M)
}
Event: 0.249 {heap After GC invocations=2 (full 0):
 garbage-first heap   total reserved 1939456K, committed 10240K, used 2925K [0x0000000089a00000, 0x0000000100000000)
  region size 1M, 0 eden (0M), 1 survivor (1M), 4 old (4M), 0 humongous (0M), 5 free (5M)
}
Event: 0.308 {heap Before GC invocations=2 (full 0):
 garbage-first heap   total reserved 1939456K, committed 10240K, used 3949K [0x0000000089a00000, 0x0000000100000000)
  region size 1M, 2 eden (2M), 1 survivor (1M), 4 old (4M), 0 humongous (0M), 3 free (3M)
}
Event: 0.310 {heap After GC invocations=3 (full 0):
 garbage-first heap   total reserved 1939456K, committed 29696K, used 3385K [0x0000000089a00000, 0x0000000100000000)
  region size 1M, 0 eden (0M), 1 survivor (1M), 4 old (4M), 0 humongous (0M), 24 free (24M)
}

Metaspace Usage History (6 events):
Event: 0.172 {metaspace Before GC invocations=0 (full 0):
 Metaspace       used 3311K, committed 3456K, reserved 1114112K
  class space    used 418K, committed 448K, reserved 1048576K
}
Event: 0.175 {metaspace After GC invocations=1 (full 0):
 Metaspace       used 3311K, committed 3456K, reserved 1114112K
  class space    used 418K, committed 448K, reserved 1048576K
}
Event: 0.246 {metaspace Before GC invocations=1 (full 0):
 Metaspace       used 5746K, committed 5952K, reserved 1114112K
  class space    used 687K, committed 768K, reserved 1048576K
}
Event: 0.249 {metaspace After GC invocations=2 (full 0):
 Metaspace       used 5746K, committed 5952K, reserved 1114112K
  class space    used 687K, committed 768K, reserved 1048576K
}
Event: 0.308 {metaspace Before GC invocations=2 (full 0):
 Metaspace       used 7429K, committed 7616K, reserved 1114112K
  class space    used 888K, committed 960K, reserved 1048576K
}
Event: 0.310 {metaspace After GC invocations=3 (full 0):
 Metaspace       used 7429K, committed 7616K, reserved 1114112K
  class space    used 888K, committed 960K, reserved 1048576K
}

Dll operation events (8 events):
Event: 0.007 Attempting to load shared library C:\Program Files\Java\jdk-26.0.1\bin\java.dll
Event: 0.008 Loaded shared library C:\Program Files\Java\jdk-26.0.1\bin\java.dll
Event: 0.057 Attempting to load shared library C:\Program Files\Java\jdk-26.0.1\bin\jimage.dll
Event: 0.057 Loaded shared library C:\Program Files\Java\jdk-26.0.1\bin\jimage.dll
Event: 0.059 Attempting to load shared library C:\Program Files\Java\jdk-26.0.1\bin\net.dll
Event: 0.059 Loaded shared library C:\Program Files\Java\jdk-26.0.1\bin\net.dll
Event: 0.061 Attempting to load shared library C:\Program Files\Java\jdk-26.0.1\bin\nio.dll
Event: 0.061 Loaded shared library C:\Program Files\Java\jdk-26.0.1\bin\nio.dll

Deoptimization events (20 events):
Event: 0.336 Thread 0x00000131e15fe3e0 Uncommon trap: trap_request=0xffffff45 fr.pc=0x00000131f417031c relative=0x000000000000061c
Event: 0.336 Thread 0x00000131e15fe3e0 Uncommon trap: reason=unstable_if action=reinterpret pc=0x00000131f417031c method=java.util.HashMap.putVal(ILjava/lang/Object;Ljava/lang/Object;ZZ)Ljava/lang/Object; @ 181 c2
Event: 0.336 Thread 0x00000131e15fe3e0 DEOPT PACKING pc=0x00000131f417031c sp=0x00000023b57fecf0
Event: 0.336 Thread 0x00000131e15fe3e0 DEOPT UNPACKING pc=0x00000131f3ce1882 sp=0x00000023b57fec60 mode 2
Event: 0.363 Thread 0x00000131e15fe3e0 Uncommon trap: trap_request=0xffffffde fr.pc=0x00000131f4190b28 relative=0x0000000000000828
Event: 0.363 Thread 0x00000131e15fe3e0 Uncommon trap: reason=class_check action=maybe_recompile pc=0x00000131f4190b28 method=java.util.HashMap.putVal(ILjava/lang/Object;Ljava/lang/Object;ZZ)Ljava/lang/Object; @ 253 c2
Event: 0.363 Thread 0x00000131e15fe3e0 DEOPT PACKING pc=0x00000131f4190b28 sp=0x00000023b57fef60
Event: 0.364 Thread 0x00000131e15fe3e0 DEOPT UNPACKING pc=0x00000131f3ce1882 sp=0x00000023b57fee50 mode 2
Event: 0.364 Thread 0x00000131e15fe3e0 Uncommon trap: trap_request=0xffffffde fr.pc=0x00000131f4190b28 relative=0x0000000000000828
Event: 0.364 Thread 0x00000131e15fe3e0 Uncommon trap: reason=class_check action=maybe_recompile pc=0x00000131f4190b28 method=java.util.HashMap.putVal(ILjava/lang/Object;Ljava/lang/Object;ZZ)Ljava/lang/Object; @ 253 c2
Event: 0.364 Thread 0x00000131e15fe3e0 DEOPT PACKING pc=0x00000131f4190b28 sp=0x00000023b57fef60
Event: 0.364 Thread 0x00000131e15fe3e0 DEOPT UNPACKING pc=0x00000131f3ce1882 sp=0x00000023b57fee50 mode 2
Event: 0.364 Thread 0x00000131e15fe3e0 Uncommon trap: trap_request=0xffffffde fr.pc=0x00000131f4190b28 relative=0x0000000000000828
Event: 0.364 Thread 0x00000131e15fe3e0 Uncommon trap: reason=class_check action=maybe_recompile pc=0x00000131f4190b28 method=java.util.HashMap.putVal(ILjava/lang/Object;Ljava/lang/Object;ZZ)Ljava/lang/Object; @ 253 c2
Event: 0.364 Thread 0x00000131e15fe3e0 DEOPT PACKING pc=0x00000131f4190b28 sp=0x00000023b57fef60
Event: 0.364 Thread 0x00000131e15fe3e0 DEOPT UNPACKING pc=0x00000131f3ce1882 sp=0x00000023b57fee50 mode 2
Event: 0.364 Thread 0x00000131e15fe3e0 Uncommon trap: trap_request=0xffffffde fr.pc=0x00000131f4190b28 relative=0x0000000000000828
Event: 0.364 Thread 0x00000131e15fe3e0 Uncommon trap: reason=class_check action=maybe_recompile pc=0x00000131f4190b28 method=java.util.HashMap.putVal(ILjava/lang/Object;Ljava/lang/Object;ZZ)Ljava/lang/Object; @ 253 c2
Event: 0.364 Thread 0x00000131e15fe3e0 DEOPT PACKING pc=0x00000131f4190b28 sp=0x00000023b57fef60
Event: 0.364 Thread 0x00000131e15fe3e0 DEOPT UNPACKING pc=0x00000131f3ce1882 sp=0x00000023b57fee50 mode 2

Classes loaded (20 events):
Event: 0.333 Loading class java/util/LinkedHashMap$LinkedValues
Event: 0.333 Loading class java/util/LinkedHashMap$LinkedValues done
Event: 0.333 Loading class java/util/LinkedHashMap$LinkedValueIterator
Event: 0.333 Loading class java/util/LinkedHashMap$LinkedValueIterator done
Event: 0.333 Loading class java/util/regex/Pattern$Bound
Event: 0.333 Loading class java/util/regex/Pattern$Bound done
Event: 0.375 Loading class java/util/RegularEnumSet$EnumSetIterator
Event: 0.375 Loading class java/util/RegularEnumSet$EnumSetIterator done
Event: 0.377 Loading class java/nio/file/Files$AcceptAllFilter
Event: 0.377 Loading class java/nio/file/Files$AcceptAllFilter done
Event: 0.377 Loading class sun/nio/fs/WindowsDirectoryStream
Event: 0.377 Loading class sun/nio/fs/WindowsDirectoryStream done
Event: 0.377 Loading class sun/nio/fs/WindowsDirectoryStream$WindowsDirectoryIterator
Event: 0.377 Loading class sun/nio/fs/WindowsDirectoryStream$WindowsDirectoryIterator done
Event: 0.377 Loading class java/nio/file/Files$2
Event: 0.377 Loading class java/nio/file/Files$2 done
Event: 0.378 Loading class sun/nio/fs/WindowsPath$WindowsPathWithAttributes
Event: 0.378 Loading class sun/nio/fs/BasicFileAttributesHolder
Event: 0.378 Loading class sun/nio/fs/BasicFileAttributesHolder done
Event: 0.378 Loading class sun/nio/fs/WindowsPath$WindowsPathWithAttributes done

Classes unloaded (0 events):
No events

Classes redefined (0 events):
No events

Internal exceptions (18 events):
Event: 0.081 Thread 0x00000131e15fe3e0 Exception <a 'java/lang/NoSuchMethodError'{0x000000008a08abd8}: 'void java.lang.invoke.DirectMethodHandle$Holder.invokeSpecial(java.lang.Object, java.lang.Object, java.lang.Object)'> (0x000000008a08abd8) 
thrown [s\open\src\hotspot\share\interpreter\linkResolver.cpp, line 804]
Event: 0.132 Thread 0x00000131e15fe3e0 Exception <a 'java/lang/NoSuchMethodError'{0x0000000089ff60f0}: 'int java.lang.invoke.DirectMethodHandle$Holder.invokeVirtual(java.lang.Object, java.lang.Object, java.lang.Object)'> (0x0000000089ff60f0) 
thrown [s\open\src\hotspot\share\interpreter\linkResolver.cpp, line 804]
Event: 0.133 Thread 0x00000131e15fe3e0 Exception <a 'java/lang/NoSuchMethodError'{0x0000000089e05f78}: 'void java.lang.invoke.DirectMethodHandle$Holder.invokeInterface(java.lang.Object, java.lang.Object, java.lang.Object)'> (0x0000000089e05f78) 
thrown [s\open\src\hotspot\share\interpreter\linkResolver.cpp, line 804]
Event: 0.136 Thread 0x00000131e15fe3e0 Exception <a 'java/lang/NoSuchMethodError'{0x0000000089e2b830}: 'java.lang.Object java.lang.invoke.DirectMethodHandle$Holder.invokeStaticInit(java.lang.Object)'> (0x0000000089e2b830) 
thrown [s\open\src\hotspot\share\interpreter\linkResolver.cpp, line 804]
Event: 0.186 Thread 0x00000131e15fe3e0 Exception <a 'java/lang/NoSuchMethodError'{0x000000008a1378e8}: 'int java.lang.invoke.DirectMethodHandle$Holder.invokeStaticInit(java.lang.Object, java.lang.Object)'> (0x000000008a1378e8) 
thrown [s\open\src\hotspot\share\interpreter\linkResolver.cpp, line 804]
Event: 0.201 Thread 0x00000131e15fe3e0 Exception <a 'java/lang/NoSuchMethodError'{0x000000008a17e600}: 'java.lang.Object java.lang.invoke.DirectMethodHandle$Holder.newInvokeSpecial(java.lang.Object, java.lang.Object, int)'> (0x000000008a17e600) 
thrown [s\open\src\hotspot\share\interpreter\linkResolver.cpp, line 804]
Event: 0.234 Thread 0x00000131e15fe3e0 Exception <a 'java/lang/NoSuchMethodError'{0x000000008a029258}: 'int java.lang.invoke.DirectMethodHandle$Holder.invokeVirtual(java.lang.Object, java.lang.Object)'> (0x000000008a029258) 
thrown [s\open\src\hotspot\share\interpreter\linkResolver.cpp, line 804]
Event: 0.240 Thread 0x00000131e15fe3e0 Exception <a 'java/lang/NoSuchMethodError'{0x000000008a093898}: 'java.lang.Object java.lang.invoke.DirectMethodHandle$Holder.newInvokeSpecial(java.lang.Object, java.lang.Object, java.lang.Object, java.lang.Object, java.lang.Object)'> (0x000000008a093898) 
thrown [s\open\src\hotspot\share\interpreter\linkResolver.cpp, line 804]
Event: 0.242 Thread 0x00000131e15fe3e0 Exception <a 'java/lang/NoSuchMethodError'{0x000000008a0af5a8}: 'java.lang.Object java.lang.invoke.DirectMethodHandle$Holder.newInvokeSpecial(java.lang.Object, java.lang.Object, java.lang.Object, java.lang.Object, java.lang.Object, java.lang.Object)'> (0x000000008a0af5a8) 
thrown [s\open\src\hotspot\share\interpreter\linkResolver.cpp, line 804]
Event: 0.245 Thread 0x00000131e15fe3e0 Exception <a 'java/lang/NoSuchMethodError'{0x000000008a0e1e78}: 'java.lang.Object java.lang.invoke.DirectMethodHandle$Holder.newInvokeSpecial(java.lang.Object, java.lang.Object, java.lang.Object, int)'> (0x000000008a0e1e78) 
thrown [s\open\src\hotspot\share\interpreter\linkResolver.cpp, line 804]
Event: 0.246 Thread 0x00000131e15fe3e0 Exception <a 'java/lang/NoSuchMethodError'{0x000000008a0eae20}: 'java.lang.Object java.lang.invoke.Invokers$Holder.linkToTargetMethod(java.lang.Object, java.lang.Object, int, java.lang.Object)'> (0x000000008a0eae20) 
thrown [s\open\src\hotspot\share\interpreter\linkResolver.cpp, line 804]
Event: 0.246 Thread 0x00000131e15fe3e0 Exception <a 'java/lang/NoSuchMethodError'{0x000000008a0f31c8}: 'java.lang.Object java.lang.invoke.DirectMethodHandle$Holder.invokeVirtual(java.lang.Object, java.lang.Object, java.lang.Object)'> (0x000000008a0f31c8) 
thrown [s\open\src\hotspot\share\interpreter\linkResolver.cpp, line 804]
Event: 0.256 Thread 0x00000131e15fe3e0 Exception <a 'java/lang/NoSuchMethodError'{0x000000008a1603e8}: 'java.lang.Object java.lang.invoke.Invokers$Holder.linkToTargetMethod(int, java.lang.Object, java.lang.Object, java.lang.Object, java.lang.Object)'> (0x000000008a1603e8) 
thrown [s\open\src\hotspot\share\interpreter\linkResolver.cpp, line 804]
Event: 0.257 Thread 0x00000131e15fe3e0 Exception <a 'java/lang/NoSuchMethodError'{0x000000008a17dab8}: 'java.lang.Object java.lang.invoke.DirectMethodHandle$Holder.newInvokeSpecial(java.lang.Object, int, java.lang.Object)'> (0x000000008a17dab8) 
thrown [s\open\src\hotspot\share\interpreter\linkResolver.cpp, line 804]
Event: 0.273 Thread 0x00000131e15fe3e0 Exception <a 'java/lang/NoSuchMethodError'{0x000000008a01f9f8}: 'int java.lang.invoke.DirectMethodHandle$Holder.invokeInterface(java.lang.Object, java.lang.Object)'> (0x000000008a01f9f8) 
thrown [s\open\src\hotspot\share\interpreter\linkResolver.cpp, line 804]
Event: 0.274 Thread 0x00000131e15fe3e0 Exception <a 'sun/nio/fs/WindowsException'{0x000000008a02f410}> (0x000000008a02f410) 
thrown [s\open\src\hotspot\share\prims\jni.cpp, line 514]
Event: 0.344 Thread 0x00000131e15fe3e0 Exception <a 'java/lang/NoSuchMethodError'{0x000000008b320390}: 'java.lang.Object java.lang.invoke.DirectMethodHandle$Holder.invokeVirtual(java.lang.Object, java.lang.Object, int)'> (0x000000008b320390) 
thrown [s\open\src\hotspot\share\interpreter\linkResolver.cpp, line 804]
Event: 0.376 Thread 0x00000131e15fe3e0 Exception <a 'java/lang/NoSuchMethodError'{0x000000008b1854d8}: 'void java.lang.invoke.DirectMethodHandle$Holder.invokeStatic(java.lang.Object, java.lang.Object)'> (0x000000008b1854d8) 
thrown [s\open\src\hotspot\share\interpreter\linkResolver.cpp, line 804]

VM Operations (16 events):
Event: 0.117 Executing non-safepoint VM operation: HandshakeAllThreads (Deoptimize)
Event: 0.117 Executing non-safepoint VM operation: HandshakeAllThreads (Deoptimize) done
Event: 0.141 Executing non-safepoint VM operation: HandshakeAllThreads (Deoptimize)
Event: 0.141 Executing non-safepoint VM operation: HandshakeAllThreads (Deoptimize) done
Event: 0.172 Executing safepoint VM operation: G1CollectForAllocation (G1 Evacuation Pause)
Event: 0.175 Executing safepoint VM operation: G1CollectForAllocation (G1 Evacuation Pause) done
Event: 0.246 Executing safepoint VM operation: G1CollectForAllocation (G1 Evacuation Pause)
Event: 0.249 Executing safepoint VM operation: G1CollectForAllocation (G1 Evacuation Pause) done
Event: 0.276 Executing non-safepoint VM operation: HandshakeAllThreads (Deoptimize)
Event: 0.276 Executing non-safepoint VM operation: HandshakeAllThreads (Deoptimize) done
Event: 0.308 Executing safepoint VM operation: G1CollectForAllocation (G1 Evacuation Pause)
Event: 0.310 Executing safepoint VM operation: G1CollectForAllocation (G1 Evacuation Pause) done
Event: 0.325 Executing non-safepoint VM operation: HandshakeAllThreads (Deoptimize)
Event: 0.325 Executing non-safepoint VM operation: HandshakeAllThreads (Deoptimize) done
Event: 0.379 Executing non-safepoint VM operation: HandshakeAllThreads (Deoptimize)
Event: 0.379 Executing non-safepoint VM operation: HandshakeAllThreads (Deoptimize) done

Memory protections (0 events):
No events

Nmethod flushes (0 events):
No events

Events (13 events):
Event: 0.021 Thread 0x00000131e15fe3e0 Thread added: 0x00000131e15fe3e0
Event: 0.033 Thread 0x00000131e15fe3e0 Thread added: 0x00000131fec46020
Event: 0.033 Thread 0x00000131e15fe3e0 Thread added: 0x00000131fec46a70
Event: 0.033 Thread 0x00000131e15fe3e0 Thread added: 0x00000131fec4c7a0
Event: 0.033 Thread 0x00000131e15fe3e0 Thread added: 0x00000131fec4f360
Event: 0.033 Thread 0x00000131e15fe3e0 Thread added: 0x00000131fec4ff10
Event: 0.033 Thread 0x00000131e15fe3e0 Thread added: 0x00000131fec60b00
Event: 0.034 Thread 0x00000131e15fe3e0 Thread added: 0x00000131fec97580
Event: 0.034 Thread 0x00000131e15fe3e0 Thread added: 0x00000131fec9edb0
Event: 0.054 Thread 0x00000131e15fe3e0 Thread added: 0x00000131fee82550
Event: 0.058 Thread 0x00000131e15fe3e0 Thread added: 0x00000131fee89b40
Event: 0.362 Thread 0x00000131fec9edb0 Thread added: 0x00000131ff9980d0
Event: 0.398 Thread 0x00000131fec9edb0 Thread added: 0x00000131ffa083d0


Dynamic libraries:
0x00007ff730a70000 - 0x00007ff730a78000 	C:\Program Files\Java\jdk-26.0.1\bin\javac.exe
0x00007fff8f4e0000 - 0x00007fff8f746000 	C:\WINDOWS\SYSTEM32\ntdll.dll
0x00007fff8e680000 - 0x00007fff8e749000 	C:\WINDOWS\System32\KERNEL32.DLL
0x00007fff8ca20000 - 0x00007fff8ce1a000 	C:\WINDOWS\System32\KERNELBASE.dll
0x00007fff8ce20000 - 0x00007fff8cf6c000 	C:\WINDOWS\System32\ucrtbase.dll
0x00007fff6b410000 - 0x00007fff6b427000 	C:\Program Files\Java\jdk-26.0.1\bin\jli.dll
0x00007fff867c0000 - 0x00007fff867de000 	C:\Program Files\Java\jdk-26.0.1\bin\VCRUNTIME140.dll
0x00007fff8e3b0000 - 0x00007fff8e577000 	C:\WINDOWS\System32\USER32.dll
0x00007fff8d0e0000 - 0x00007fff8d107000 	C:\WINDOWS\System32\win32u.dll
0x00007fff8d250000 - 0x00007fff8d27b000 	C:\WINDOWS\System32\GDI32.dll
0x00007fff8c8f0000 - 0x00007fff8ca1b000 	C:\WINDOWS\System32\gdi32full.dll
0x00007fff70690000 - 0x00007fff70922000 	C:\WINDOWS\WinSxS\amd64_microsoft.windows.common-controls_6595b64144ccf1df_6.0.26100.8521_none_3e08b75ce33403b3\COMCTL32.dll
0x00007fff8cf70000 - 0x00007fff8d013000 	C:\WINDOWS\System32\msvcp_win.dll
0x00007fff8eaf0000 - 0x00007fff8eb99000 	C:\WINDOWS\System32\msvcrt.dll
0x00007fff8e580000 - 0x00007fff8e5b2000 	C:\WINDOWS\System32\IMM32.DLL
0x00007fff848c0000 - 0x00007fff848cc000 	C:\Program Files\Java\jdk-26.0.1\bin\vcruntime140_1.dll
0x00007fff5e2e0000 - 0x00007fff5e36d000 	C:\Program Files\Java\jdk-26.0.1\bin\msvcp140.dll
0x00007fff57a50000 - 0x00007fff5891e000 	C:\Program Files\Java\jdk-26.0.1\bin\server\jvm.dll
0x00007fff8eba0000 - 0x00007fff8ec56000 	C:\WINDOWS\System32\ADVAPI32.dll
0x00007fff8d840000 - 0x00007fff8d8ea000 	C:\WINDOWS\System32\sechost.dll
0x00007fff8d720000 - 0x00007fff8d838000 	C:\WINDOWS\System32\RPCRT4.dll
0x00007fff8d8f0000 - 0x00007fff8d970000 	C:\WINDOWS\System32\WS2_32.dll
0x00007fff7e3f0000 - 0x00007fff7e426000 	C:\WINDOWS\SYSTEM32\WINMM.dll
0x00007fff8c5c0000 - 0x00007fff8c61e000 	C:\WINDOWS\SYSTEM32\POWRPROF.dll
0x00007fff81cb0000 - 0x00007fff81cbb000 	C:\WINDOWS\SYSTEM32\VERSION.dll
0x00007fff8c5a0000 - 0x00007fff8c5b4000 	C:\WINDOWS\SYSTEM32\UMPDC.dll
0x00007fff8b4c0000 - 0x00007fff8b4db000 	C:\WINDOWS\SYSTEM32\kernel.appcore.dll
0x00007fff84890000 - 0x00007fff8489a000 	C:\Program Files\Java\jdk-26.0.1\bin\jimage.dll
0x00007fff89e20000 - 0x00007fff8a062000 	C:\WINDOWS\SYSTEM32\DBGHELP.DLL
0x00007fff8d280000 - 0x00007fff8d603000 	C:\WINDOWS\System32\combase.dll
0x00007fff8d610000 - 0x00007fff8d6e9000 	C:\WINDOWS\System32\OLEAUT32.dll
0x00007fff819c0000 - 0x00007fff819fb000 	C:\WINDOWS\SYSTEM32\dbgcore.DLL
0x00007fff8d1a0000 - 0x00007fff8d248000 	C:\WINDOWS\System32\bcryptPrimitives.dll
0x00007fff810c0000 - 0x00007fff810df000 	C:\Program Files\Java\jdk-26.0.1\bin\java.dll
0x00007fff8e7f0000 - 0x00007fff8e988000 	C:\WINDOWS\System32\ole32.dll
0x00007fff8dc00000 - 0x00007fff8e384000 	C:\WINDOWS\System32\SHELL32.dll
0x00007fff8a2f0000 - 0x00007fff8ab70000 	C:\WINDOWS\SYSTEM32\windows.storage.dll
0x00007fff8eeb0000 - 0x00007fff8efa6000 	C:\WINDOWS\System32\SHCORE.dll
0x00007fff8da00000 - 0x00007fff8da67000 	C:\WINDOWS\System32\shlwapi.dll
0x00007fff8c690000 - 0x00007fff8c6b9000 	C:\WINDOWS\SYSTEM32\profapi.dll
0x00007fff7f790000 - 0x00007fff7f7a2000 	C:\Program Files\Java\jdk-26.0.1\bin\net.dll
0x00007fff8ba10000 - 0x00007fff8ba7c000 	C:\WINDOWS\system32\mswsock.dll
0x00007fff7dd50000 - 0x00007fff7dd66000 	C:\Program Files\Java\jdk-26.0.1\bin\nio.dll

JVMTI agents: none

dbghelp: loaded successfully - version: 4.0.5 - missing functions: none
symbol engine: initialized successfully - sym options: 0x614 - pdb path: .;C:\Program Files\Java\jdk-26.0.1\bin;C:\WINDOWS\SYSTEM32;C:\WINDOWS\WinSxS\amd64_microsoft.windows.common-controls_6595b64144ccf1df_6.0.26100.8521_none_3e08b75ce33403b3;C:\Program Files\Java\jdk-26.0.1\bin\server

VM Arguments:
jvm_args: -Dapplication.home=C:\Program Files\Java\jdk-26.0.1 --add-modules=ALL-DEFAULT -Xms8m -Djdk.module.main=jdk.compiler 
java_command: jdk.compiler/com.sun.tools.javac.Main items.java
java_class_path (initial): <not set>
Launcher Type: SUN_STANDARD

[Global flags]
     bool AOTAdapterCaching                        = false                                  {diagnostic} {ergonomic}
     bool AOTInvokeDynamicLinking                  = false                                  {diagnostic} {ergonomic}
     bool AOTRecordTraining                        = false                                  {diagnostic} {ergonomic}
     bool AOTReplayTraining                        = false                                  {diagnostic} {ergonomic}
     bool AOTStubCaching                           = false                                  {diagnostic} {ergonomic}
     intx CICompilerCount                          = 4                                         {product} {ergonomic}
     uint ConcGCThreads                            = 2                                         {product} {ergonomic}
     uint G1ConcRefinementThreads                  = 8                                         {product} {ergonomic}
     uint G1EagerReclaimRemSetThreshold            = 10                                   {experimental} {ergonomic}
   size_t G1HeapRegionSize                         = 1048576                                   {product} {ergonomic}
     uint G1RemSetArrayOfCardsEntries              = 10                                   {experimental} {ergonomic}
     uint G1RemSetHowlMaxNumBuckets                = 8                                    {experimental} {ergonomic}
     uint G1RemSetHowlNumBuckets                   = 4                                    {experimental} {ergonomic}
   size_t InitialHeapSize                          = 8388608                                   {product} {command line}
     bool IntelJccErratumMitigation                = false                             {ARCH diagnostic} {ergonomic}
   size_t MarkStackSize                            = 4194304                                   {product} {ergonomic}
   size_t MarkStackSizeMax                         = 536870912                                 {product} {ergonomic}
   size_t MaxHeapSize                              = 1986002944                                {product} {ergonomic}
   size_t MaxNewSize                               = 1191182336                                {product} {ergonomic}
 uint64_t MaxRAM                                   = 7941263360                                {product} {ergonomic}
   size_t MinHeapDeltaBytes                        = 1048576                                   {product} {ergonomic}
   size_t MinHeapSize                              = 8388608                                   {product} {command line}
   size_t NonNMethodCodeHeapSize                   = 5898240                                {pd product} {ergonomic}
   size_t NonProfiledCodeHeapSize                  = 122945536                              {pd product} {ergonomic}
   size_t ProfiledCodeHeapSize                     = 122945536                              {pd product} {ergonomic}
   size_t ReservedCodeCacheSize                    = 251789312                              {pd product} {ergonomic}
     bool SegmentedCodeCache                       = true                                      {product} {ergonomic}
   size_t SoftMaxHeapSize                          = 1986002944                             {manageable} {ergonomic}
     bool UseCompressedOops                        = true                           {product lp64_product} {ergonomic}
     bool UseCondCardMark                          = true                                      {product} {ergonomic}
     bool UseFastUnorderedTimeStamps               = true                                 {experimental} {ergonomic}
     bool UseG1GC                                  = true                                      {product} {ergonomic}
     bool UseLargePagesIndividualAllocation        = false                                  {pd product} {ergonomic}
      int X86ICacheSync                            = 3                                 {ARCH diagnostic} {ergonomic}

Logging:
Log output configuration:
 #0: stdout all=warning uptime,level,tags foldmultilines=false
 #1: stderr all=off uptime,level,tags foldmultilines=false

Release file:
IMPLEMENTOR="Oracle Corporation" 
JAVA_RUNTIME_VERSION="26.0.1+8-34" 
JAVA_VERSION="26.0.1" 
JAVA_VERSION_DATE="2026-04-21" 
LIBC="default" 
MODULES="java.base java.compiler java.datatransfer java.xml java.prefs java.desktop java.instrument java.logging java.management java.security.sasl java.naming java.rmi java.management.rmi java.net.http java.scripting java.security.jgss java.transaction.xa java.sql java.sql.rowset java.xml.crypto java.se java.smartcardio jdk.accessibility jdk.internal.jvmstat jdk.attach jdk.charsets jdk.internal.opt jdk.zipfs jdk.compiler jdk.crypto.cryptoki jdk.crypto.ec jdk.crypto.mscapi jdk.dynalink jdk.internal.ed jdk.editpad jdk.internal.vm.ci jdk.graal.compiler jdk.graal.compiler.management jdk.hotspot.agent jdk.httpserver jdk.incubator.vector jdk.internal.le jdk.internal.md jdk.jartool jdk.javadoc jdk.jcmd jdk.management jdk.management.agent jdk.jconsole jdk.jdeps jdk.jdwp.agent jdk.jdi jdk.jfr jdk.jlink jdk.jpackage jdk.jshell jdk.jstatd jdk.localedata jdk.management.jfr jdk.naming.dns jdk.naming.rmi jdk.net jdk.nio.mapmode jdk.sctp jdk.security.auth jdk.security.jgss jdk.unsupported jdk.unsupported.desktop jdk.xml.dom" 
OS_ARCH="x86_64" 
OS_NAME="Windows" 
SOURCE=".:git:8fcde8268d22 open:git:fcc00fc4aee7" 

Environment Variables:
PATH=C:\Program Files\Common Files\Oracle\Java\javapath;C:\WINDOWS\system32;C:\WINDOWS;C:\WINDOWS\System32\Wbem;C:\WINDOWS\System32\WindowsPowerShell\v1.0\;C:\WINDOWS\System32\OpenSSH\;C:\Users\ADMIN\AppData\Local\Microsoft\WindowsApps;C:\Users\ADMIN\AppData\Local\Programs\Microsoft VS Code\bin
USERNAME=ADMIN
LANG=en_US.UTF-8
OS=Windows_NT
PROCESSOR_IDENTIFIER=Intel64 Family 6 Model 140 Stepping 1, GenuineIntel
TMP=C:\Users\ADMIN\AppData\Local\Temp
TEMP=C:\Users\ADMIN\AppData\Local\Temp




Compilation memory statistics disabled.

Periodic native trim disabled

---------------  S Y S T E M  ---------------

OS:
 Windows 11 , 64 bit Build 26100 (10.0.26100.8521)
OS uptime: 0 days 16:51 hours
Hyper-V role detected

CPU: total 8 (initial active 8) (4 cores per cpu, 2 threads per core) family 6 model 140 stepping 1 microcode 0xbe, cx8, cmov, fxsr, ht, mmx, 3dnowpref, sse, sse2, sse3, ssse3, sse4.1, sse4.2, popcnt, lzcnt, tsc, tscinvbit, avx, avx2, aes, erms, clmul, bmi1, bmi2, adx, avx512f, avx512dq, avx512cd, avx512bw, avx512vl, sha, fma, vzeroupper, avx512_vpopcntdq, avx512_vpclmulqdq, avx512_vaes, avx512_vnni, clflush, clflushopt, clwb, avx512_vbmi2, avx512_vbmi, hv, rdtscp, rdpid, fsrm, gfni, avx512_bitalg, f16c, cet_ibt, cet_ss, avx512_ifma
Processor Information for processor 0
  Max Mhz: 1498, Current Mhz: 1498, Mhz Limit: 1498
Processor Information for processor 1
  Max Mhz: 1498, Current Mhz: 1498, Mhz Limit: 1498
Processor Information for processor 2
  Max Mhz: 1498, Current Mhz: 1198, Mhz Limit: 1498
Processor Information for processor 3
  Max Mhz: 1498, Current Mhz: 1498, Mhz Limit: 1498
Processor Information for processor 4
  Max Mhz: 1498, Current Mhz: 1498, Mhz Limit: 1498
Processor Information for processor 5
  Max Mhz: 1498, Current Mhz: 1498, Mhz Limit: 1498
Processor Information for processor 6
  Max Mhz: 1498, Current Mhz: 1498, Mhz Limit: 1498
Processor Information for processor 7
  Max Mhz: 1498, Current Mhz: 1498, Mhz Limit: 1498

Memory: 4k page, system-wide physical 7573M (1213M free)
TotalPageFile size 8085M (AvailPageFile size 5M)
current process WorkingSet (physical memory assigned to process): 87M, peak: 87M
current process commit charge ("private bytes"): 129M, peak: 131M

vm_info: Java HotSpot(TM) 64-Bit Server VM (26.0.1+8-34) for windows-amd64 JRE (26.0.1+8-34), built on 2026-03-10T17:24:10Z with MS VC++ 17.13 (VS2022)

END.
